2021-04-18 22:12:29.967  INFO 8784 --- [restartedMain] c.m.b.BankmanagementApplication          : Starting BankmanagementApplication using Java 11.0.7 on ctsjcloud159 with PID 8784 (D:\Aritra\bankmanagement_java\bankmanagement\target\classes started by javacloudmc631 in D:\Aritra\bankmanagement_java\bankmanagement)
2021-04-18 22:12:29.971  INFO 8784 --- [restartedMain] c.m.b.BankmanagementApplication          : No active profile set, falling back to default profiles: default
2021-04-18 22:12:30.023  INFO 8784 --- [restartedMain] .e.DevToolsPropertyDefaultsPostProcessor : Devtools property defaults active! Set 'spring.devtools.add-properties' to 'false' to disable
2021-04-18 22:12:30.023  INFO 8784 --- [restartedMain] .e.DevToolsPropertyDefaultsPostProcessor : For additional web related logging consider setting the 'logging.level.web' property to 'DEBUG'
2021-04-18 22:12:31.247  INFO 8784 --- [restartedMain] .s.d.r.c.RepositoryConfigurationDelegate : Bootstrapping Spring Data JPA repositories in DEFAULT mode.
2021-04-18 22:12:31.339  INFO 8784 --- [restartedMain] .s.d.r.c.RepositoryConfigurationDelegate : Finished Spring Data repository scanning in 81 ms. Found 2 JPA repository interfaces.
2021-04-18 22:12:31.772  INFO 8784 --- [restartedMain] trationDelegate$BeanPostProcessorChecker : Bean 'org.springframework.security.access.expression.method.DefaultMethodSecurityExpressionHandler@4540ff71' of type [org.springframework.security.access.expression.method.DefaultMethodSecurityExpressionHandler] is not eligible for getting processed by all BeanPostProcessors (for example: not eligible for auto-proxying)
2021-04-18 22:12:31.779  INFO 8784 --- [restartedMain] trationDelegate$BeanPostProcessorChecker : Bean 'methodSecurityMetadataSource' of type [org.springframework.security.access.method.DelegatingMethodSecurityMetadataSource] is not eligible for getting processed by all BeanPostProcessors (for example: not eligible for auto-proxying)
2021-04-18 22:12:32.824  INFO 8784 --- [restartedMain] o.s.b.w.embedded.tomcat.TomcatWebServer  : Tomcat initialized with port(s): 8090 (http)
2021-04-18 22:12:32.840  INFO 8784 --- [restartedMain] o.apache.catalina.core.StandardService   : Starting service [Tomcat]
2021-04-18 22:12:32.840  INFO 8784 --- [restartedMain] org.apache.catalina.core.StandardEngine  : Starting Servlet engine: [Apache Tomcat/9.0.43]
2021-04-18 22:12:32.932  INFO 8784 --- [restartedMain] o.a.c.c.C.[Tomcat].[localhost].[/]       : Initializing Spring embedded WebApplicationContext
2021-04-18 22:12:32.932  INFO 8784 --- [restartedMain] w.s.c.ServletWebServerApplicationContext : Root WebApplicationContext: initialization completed in 2906 ms
2021-04-18 22:12:32.993  INFO 8784 --- [restartedMain] com.zaxxer.hikari.HikariDataSource       : HikariPool-1 - Starting...
2021-04-18 22:12:33.187  INFO 8784 --- [restartedMain] com.zaxxer.hikari.HikariDataSource       : HikariPool-1 - Start completed.
2021-04-18 22:12:33.200  INFO 8784 --- [restartedMain] o.s.b.a.h2.H2ConsoleAutoConfiguration    : H2 console available at '/h2-console'. Database available at 'jdbc:h2:mem:testdb'
2021-04-18 22:12:33.400  INFO 8784 --- [restartedMain] o.hibernate.jpa.internal.util.LogHelper  : HHH000204: Processing PersistenceUnitInfo [name: default]
2021-04-18 22:12:33.497  INFO 8784 --- [restartedMain] org.hibernate.Version                    : HHH000412: Hibernate ORM core version 5.4.28.Final
2021-04-18 22:12:33.699  INFO 8784 --- [restartedMain] o.hibernate.annotations.common.Version   : HCANN000001: Hibernate Commons Annotations {5.1.2.Final}
2021-04-18 22:12:33.848  INFO 8784 --- [restartedMain] org.hibernate.dialect.Dialect            : HHH000400: Using dialect: org.hibernate.dialect.H2Dialect
2021-04-18 22:12:34.539  INFO 8784 --- [restartedMain] o.h.e.t.j.p.i.JtaPlatformInitiator       : HHH000490: Using JtaPlatform implementation: [org.hibernate.engine.transaction.jta.platform.internal.NoJtaPlatform]
2021-04-18 22:12:34.547  INFO 8784 --- [restartedMain] j.LocalContainerEntityManagerFactoryBean : Initialized JPA EntityManagerFactory for persistence unit 'default'
2021-04-18 22:12:34.923  INFO 8784 --- [restartedMain] o.s.b.d.a.OptionalLiveReloadServer       : LiveReload server is running on port 35729
2021-04-18 22:12:34.977  WARN 8784 --- [restartedMain] JpaBaseConfiguration$JpaWebConfiguration : spring.jpa.open-in-view is enabled by default. Therefore, database queries may be performed during view rendering. Explicitly configure spring.jpa.open-in-view to disable this warning
2021-04-18 22:12:35.013  INFO 8784 --- [restartedMain] c.m.b.config.WebSecurityConfig           : Inside configureGlobal method
2021-04-18 22:12:35.515  INFO 8784 --- [restartedMain] c.m.b.config.WebSecurityConfig           : Inside configure method
2021-04-18 22:12:35.593  INFO 8784 --- [restartedMain] pertySourcedRequestMappingHandlerMapping : Mapped URL path [/v2/api-docs] onto method [springfox.documentation.swagger2.web.Swagger2Controller#getDocumentation(String, HttpServletRequest)]
2021-04-18 22:12:35.749  INFO 8784 --- [restartedMain] o.s.s.web.DefaultSecurityFilterChain     : Will secure any request with [org.springframework.security.web.context.request.async.WebAsyncManagerIntegrationFilter@7b6c41f1, org.springframework.security.web.context.SecurityContextPersistenceFilter@f12659e, org.springframework.security.web.header.HeaderWriterFilter@455b87a7, org.springframework.web.filter.CorsFilter@48212924, org.springframework.security.web.authentication.logout.LogoutFilter@28a57630, com.microcredential.bankmanagement.config.JwtRequestFilter@5986d69d, org.springframework.security.web.savedrequest.RequestCacheAwareFilter@2aa5fa39, org.springframework.security.web.servletapi.SecurityContextHolderAwareRequestFilter@4f408f9, org.springframework.security.web.authentication.AnonymousAuthenticationFilter@547a0a98, org.springframework.security.web.session.SessionManagementFilter@1eb6350f, org.springframework.security.web.access.ExceptionTranslationFilter@6f6e6418, org.springframework.security.web.access.intercept.FilterSecurityInterceptor@4af6e228]
2021-04-18 22:12:35.848  INFO 8784 --- [restartedMain] o.s.s.concurrent.ThreadPoolTaskExecutor  : Initializing ExecutorService 'applicationTaskExecutor'
2021-04-18 22:12:36.080  INFO 8784 --- [restartedMain] o.s.b.w.embedded.tomcat.TomcatWebServer  : Tomcat started on port(s): 8090 (http) with context path ''
2021-04-18 22:12:36.082  INFO 8784 --- [restartedMain] d.s.w.p.DocumentationPluginsBootstrapper : Context refreshed
2021-04-18 22:12:36.133  INFO 8784 --- [restartedMain] d.s.w.p.DocumentationPluginsBootstrapper : Found 1 custom documentation plugin(s)
2021-04-18 22:12:36.174  INFO 8784 --- [restartedMain] s.d.s.w.s.ApiListingReferenceScanner     : Scanning for api listing references
2021-04-18 22:12:36.373  INFO 8784 --- [restartedMain] .d.s.w.r.o.CachingOperationNameGenerator : Generating unique operation named: getUserbyIdUsingGET_1
2021-04-18 22:12:36.383  INFO 8784 --- [restartedMain] .d.s.w.r.o.CachingOperationNameGenerator : Generating unique operation named: saveUserUsingPOST_1
2021-04-18 22:12:36.411  INFO 8784 --- [restartedMain] c.m.b.BankmanagementApplication          : Started BankmanagementApplication in 6.912 seconds (JVM running for 7.828)
2021-04-18 22:13:13.266  INFO 8784 --- [http-nio-8090-exec-1] o.a.c.c.C.[Tomcat].[localhost].[/]       : Initializing Spring DispatcherServlet 'dispatcherServlet'
2021-04-18 22:13:13.268  INFO 8784 --- [http-nio-8090-exec-1] o.s.web.servlet.DispatcherServlet        : Initializing Servlet 'dispatcherServlet'
2021-04-18 22:13:13.272  INFO 8784 --- [http-nio-8090-exec-1] o.s.web.servlet.DispatcherServlet        : Completed initialization in 4 ms
2021-04-18 22:13:13.319  INFO 8784 --- [http-nio-8090-exec-1] c.m.b.config.JwtRequestFilter            : Inside doFilterInternal method null
2021-04-18 22:13:13.319  WARN 8784 --- [http-nio-8090-exec-1] c.m.b.config.JwtRequestFilter            : JWT Token does not begin with Bearer String
2021-04-18 22:13:13.403  INFO 8784 --- [http-nio-8090-exec-1] c.m.b.controller.UserController          : Inside saveuser method
2021-04-18 22:13:13.404  INFO 8784 --- [http-nio-8090-exec-1] c.m.bankmanagement.service.UserService   : Inside userservice saveuser method
2021-04-18 22:13:13.546  INFO 8784 --- [http-nio-8090-exec-1] c.m.bankmanagement.utility.Userutils     : Inside createuserid method
2021-04-18 22:13:13.547  INFO 8784 --- [http-nio-8090-exec-1] c.m.bankmanagement.utility.Userutils     : Userid is R-338
2021-04-18 22:13:13.603  INFO 8784 --- [http-nio-8090-exec-1] c.m.bankmanagement.service.UserService   : Inside userservice, new user has been saved
2021-04-18 22:13:13.603  INFO 8784 --- [http-nio-8090-exec-1] c.m.b.controller.UserController          : New user is savedUser [name=aritra chatterjee, username=ari, customerId=R-338, password=@123Admin, email=chattbullets@gmail.com, address=50/51/3 kali, gender=male, maritalStatus=married, contactNumber=1234567890, accountType=savings, dateOfBirth=2021-04-08, accountnumber=5511739495948365, gurdianName=tbd, gurdianType=null, country=null, State=null, citizenShip=null, citizenStatus=null, dateOfRegistration=null, bankName=null, branchName=null, idproofType=null, iddocNumber=null, refaccholderName=null, refaccholderAccNo=null, refaccholderAddress=null]
2021-04-18 22:13:18.273  INFO 8784 --- [http-nio-8090-exec-2] c.m.b.config.JwtRequestFilter            : Inside doFilterInternal method null
2021-04-18 22:13:18.274  WARN 8784 --- [http-nio-8090-exec-2] c.m.b.config.JwtRequestFilter            : JWT Token does not begin with Bearer String
2021-04-18 22:13:18.338  INFO 8784 --- [http-nio-8090-exec-6] c.m.b.config.JwtRequestFilter            : Inside doFilterInternal method null
2021-04-18 22:13:18.338  WARN 8784 --- [http-nio-8090-exec-6] c.m.b.config.JwtRequestFilter            : JWT Token does not begin with Bearer String
2021-04-18 22:13:18.354  INFO 8784 --- [http-nio-8090-exec-4] c.m.b.config.JwtRequestFilter            : Inside doFilterInternal method null
2021-04-18 22:13:18.355  WARN 8784 --- [http-nio-8090-exec-4] c.m.b.config.JwtRequestFilter            : JWT Token does not begin with Bearer String
2021-04-18 22:13:18.400  INFO 8784 --- [http-nio-8090-exec-3] c.m.b.config.JwtRequestFilter            : Inside doFilterInternal method null
2021-04-18 22:13:18.400  WARN 8784 --- [http-nio-8090-exec-3] c.m.b.config.JwtRequestFilter            : JWT Token does not begin with Bearer String
2021-04-18 22:13:18.526  INFO 8784 --- [http-nio-8090-exec-8] c.m.b.config.JwtRequestFilter            : Inside doFilterInternal method null
2021-04-18 22:13:18.527  WARN 8784 --- [http-nio-8090-exec-8] c.m.b.config.JwtRequestFilter            : JWT Token does not begin with Bearer String
2021-04-18 22:13:18.534  INFO 8784 --- [http-nio-8090-exec-8] c.m.b.c.JwtAuthenticationEntryPoint      : Inside commence method
2021-04-18 22:13:20.127  INFO 8784 --- [http-nio-8090-exec-10] c.m.b.config.JwtRequestFilter            : Inside doFilterInternal method null
2021-04-18 22:13:20.128  WARN 8784 --- [http-nio-8090-exec-10] c.m.b.config.JwtRequestFilter            : JWT Token does not begin with Bearer String
2021-04-18 22:13:20.170  INFO 8784 --- [http-nio-8090-exec-5] c.m.b.config.JwtRequestFilter            : Inside doFilterInternal method null
2021-04-18 22:13:20.171  WARN 8784 --- [http-nio-8090-exec-5] c.m.b.config.JwtRequestFilter            : JWT Token does not begin with Bearer String
2021-04-18 22:13:20.172  INFO 8784 --- [http-nio-8090-exec-7] c.m.b.config.JwtRequestFilter            : Inside doFilterInternal method null
2021-04-18 22:13:20.173  WARN 8784 --- [http-nio-8090-exec-7] c.m.b.config.JwtRequestFilter            : JWT Token does not begin with Bearer String
2021-04-18 22:13:20.173  INFO 8784 --- [http-nio-8090-exec-9] c.m.b.config.JwtRequestFilter            : Inside doFilterInternal method null
2021-04-18 22:13:20.173  WARN 8784 --- [http-nio-8090-exec-9] c.m.b.config.JwtRequestFilter            : JWT Token does not begin with Bearer String
2021-04-18 22:13:20.176  INFO 8784 --- [http-nio-8090-exec-1] c.m.b.config.JwtRequestFilter            : Inside doFilterInternal method null
2021-04-18 22:13:20.176  WARN 8784 --- [http-nio-8090-exec-1] c.m.b.config.JwtRequestFilter            : JWT Token does not begin with Bearer String
2021-04-18 22:13:20.197  INFO 8784 --- [http-nio-8090-exec-6] c.m.b.config.JwtRequestFilter            : Inside doFilterInternal method null
2021-04-18 22:13:20.197  WARN 8784 --- [http-nio-8090-exec-6] c.m.b.config.JwtRequestFilter            : JWT Token does not begin with Bearer String
2021-04-18 22:13:20.198  INFO 8784 --- [http-nio-8090-exec-2] c.m.b.config.JwtRequestFilter            : Inside doFilterInternal method null
2021-04-18 22:13:20.198  WARN 8784 --- [http-nio-8090-exec-2] c.m.b.config.JwtRequestFilter            : JWT Token does not begin with Bearer String
2021-04-18 22:13:20.199  INFO 8784 --- [http-nio-8090-exec-4] c.m.b.config.JwtRequestFilter            : Inside doFilterInternal method null
2021-04-18 22:13:20.199  WARN 8784 --- [http-nio-8090-exec-4] c.m.b.config.JwtRequestFilter            : JWT Token does not begin with Bearer String
2021-04-18 22:13:20.200  INFO 8784 --- [http-nio-8090-exec-3] c.m.b.config.JwtRequestFilter            : Inside doFilterInternal method null
2021-04-18 22:13:20.200  WARN 8784 --- [http-nio-8090-exec-3] c.m.b.config.JwtRequestFilter            : JWT Token does not begin with Bearer String
2021-04-18 22:13:20.201  INFO 8784 --- [http-nio-8090-exec-8] c.m.b.config.JwtRequestFilter            : Inside doFilterInternal method null
2021-04-18 22:13:20.203  WARN 8784 --- [http-nio-8090-exec-8] c.m.b.config.JwtRequestFilter            : JWT Token does not begin with Bearer String
2021-04-18 22:13:20.209  INFO 8784 --- [http-nio-8090-exec-10] c.m.b.config.JwtRequestFilter            : Inside doFilterInternal method null
2021-04-18 22:13:20.209  WARN 8784 --- [http-nio-8090-exec-10] c.m.b.config.JwtRequestFilter            : JWT Token does not begin with Bearer String
2021-04-18 22:13:20.210  INFO 8784 --- [http-nio-8090-exec-8] c.m.b.config.JwtRequestFilter            : Inside doFilterInternal method null
2021-04-18 22:13:20.210  WARN 8784 --- [http-nio-8090-exec-8] c.m.b.config.JwtRequestFilter            : JWT Token does not begin with Bearer String
2021-04-18 22:13:20.213  INFO 8784 --- [http-nio-8090-exec-9] c.m.b.config.JwtRequestFilter            : Inside doFilterInternal method null
2021-04-18 22:13:20.213  WARN 8784 --- [http-nio-8090-exec-9] c.m.b.config.JwtRequestFilter            : JWT Token does not begin with Bearer String
2021-04-18 22:13:20.218  INFO 8784 --- [http-nio-8090-exec-1] c.m.b.config.JwtRequestFilter            : Inside doFilterInternal method null
2021-04-18 22:13:20.218  WARN 8784 --- [http-nio-8090-exec-1] c.m.b.config.JwtRequestFilter            : JWT Token does not begin with Bearer String
2021-04-18 22:13:20.222  INFO 8784 --- [http-nio-8090-exec-2] c.m.b.config.JwtRequestFilter            : Inside doFilterInternal method null
2021-04-18 22:13:20.223  WARN 8784 --- [http-nio-8090-exec-2] c.m.b.config.JwtRequestFilter            : JWT Token does not begin with Bearer String
2021-04-18 22:13:20.271  INFO 8784 --- [http-nio-8090-exec-4] c.m.b.config.JwtRequestFilter            : Inside doFilterInternal method null
2021-04-18 22:13:20.271  WARN 8784 --- [http-nio-8090-exec-4] c.m.b.config.JwtRequestFilter            : JWT Token does not begin with Bearer String
2021-04-18 22:13:20.285  INFO 8784 --- [http-nio-8090-exec-6] c.m.b.config.JwtRequestFilter            : Inside doFilterInternal method null
2021-04-18 22:13:20.285  WARN 8784 --- [http-nio-8090-exec-6] c.m.b.config.JwtRequestFilter            : JWT Token does not begin with Bearer String
2021-04-18 22:13:20.286  INFO 8784 --- [http-nio-8090-exec-3] c.m.b.config.JwtRequestFilter            : Inside doFilterInternal method null
2021-04-18 22:13:20.287  WARN 8784 --- [http-nio-8090-exec-3] c.m.b.config.JwtRequestFilter            : JWT Token does not begin with Bearer String
2021-04-18 22:13:20.287  INFO 8784 --- [http-nio-8090-exec-5] c.m.b.config.JwtRequestFilter            : Inside doFilterInternal method null
2021-04-18 22:13:20.287  WARN 8784 --- [http-nio-8090-exec-5] c.m.b.config.JwtRequestFilter            : JWT Token does not begin with Bearer String
2021-04-18 22:13:20.291  INFO 8784 --- [http-nio-8090-exec-10] c.m.b.config.JwtRequestFilter            : Inside doFilterInternal method null
2021-04-18 22:13:20.291  WARN 8784 --- [http-nio-8090-exec-10] c.m.b.config.JwtRequestFilter            : JWT Token does not begin with Bearer String
2021-04-18 22:13:20.292  INFO 8784 --- [http-nio-8090-exec-8] c.m.b.config.JwtRequestFilter            : Inside doFilterInternal method null
2021-04-18 22:13:20.292  WARN 8784 --- [http-nio-8090-exec-8] c.m.b.config.JwtRequestFilter            : JWT Token does not begin with Bearer String
2021-04-18 22:13:20.292  INFO 8784 --- [http-nio-8090-exec-9] c.m.b.config.JwtRequestFilter            : Inside doFilterInternal method null
2021-04-18 22:13:20.292  WARN 8784 --- [http-nio-8090-exec-9] c.m.b.config.JwtRequestFilter            : JWT Token does not begin with Bearer String
2021-04-18 22:13:20.300  INFO 8784 --- [http-nio-8090-exec-1] c.m.b.config.JwtRequestFilter            : Inside doFilterInternal method null
2021-04-18 22:13:20.300  WARN 8784 --- [http-nio-8090-exec-1] c.m.b.config.JwtRequestFilter            : JWT Token does not begin with Bearer String
2021-04-18 22:13:20.309  INFO 8784 --- [http-nio-8090-exec-2] c.m.b.config.JwtRequestFilter            : Inside doFilterInternal method null
2021-04-18 22:13:20.309  INFO 8784 --- [http-nio-8090-exec-4] c.m.b.config.JwtRequestFilter            : Inside doFilterInternal method null
2021-04-18 22:13:20.309  INFO 8784 --- [http-nio-8090-exec-7] c.m.b.config.JwtRequestFilter            : Inside doFilterInternal method null
2021-04-18 22:13:20.309  WARN 8784 --- [http-nio-8090-exec-2] c.m.b.config.JwtRequestFilter            : JWT Token does not begin with Bearer String
2021-04-18 22:13:20.309  WARN 8784 --- [http-nio-8090-exec-4] c.m.b.config.JwtRequestFilter            : JWT Token does not begin with Bearer String
2021-04-18 22:13:20.309  WARN 8784 --- [http-nio-8090-exec-7] c.m.b.config.JwtRequestFilter            : JWT Token does not begin with Bearer String
2021-04-18 22:13:20.311  INFO 8784 --- [http-nio-8090-exec-6] c.m.b.config.JwtRequestFilter            : Inside doFilterInternal method null
2021-04-18 22:13:20.311  INFO 8784 --- [http-nio-8090-exec-3] c.m.b.config.JwtRequestFilter            : Inside doFilterInternal method null
2021-04-18 22:13:20.311  WARN 8784 --- [http-nio-8090-exec-6] c.m.b.config.JwtRequestFilter            : JWT Token does not begin with Bearer String
2021-04-18 22:13:20.311  WARN 8784 --- [http-nio-8090-exec-3] c.m.b.config.JwtRequestFilter            : JWT Token does not begin with Bearer String
2021-04-18 22:13:20.312  INFO 8784 --- [http-nio-8090-exec-5] c.m.b.config.JwtRequestFilter            : Inside doFilterInternal method null
2021-04-18 22:13:20.312  WARN 8784 --- [http-nio-8090-exec-5] c.m.b.config.JwtRequestFilter            : JWT Token does not begin with Bearer String
2021-04-18 22:13:20.333  INFO 8784 --- [http-nio-8090-exec-8] c.m.b.config.JwtRequestFilter            : Inside doFilterInternal method null
2021-04-18 22:13:20.333  WARN 8784 --- [http-nio-8090-exec-8] c.m.b.config.JwtRequestFilter            : JWT Token does not begin with Bearer String
2021-04-18 22:13:20.334  INFO 8784 --- [http-nio-8090-exec-8] c.m.b.c.JwtAuthenticationEntryPoint      : Inside commence method
2021-04-18 22:13:26.311  INFO 8784 --- [http-nio-8090-exec-10] c.m.b.config.JwtRequestFilter            : Inside doFilterInternal method null
2021-04-18 22:13:26.311  WARN 8784 --- [http-nio-8090-exec-10] c.m.b.config.JwtRequestFilter            : JWT Token does not begin with Bearer String
2021-04-18 22:13:26.349  INFO 8784 --- [http-nio-8090-exec-9] c.m.b.config.JwtRequestFilter            : Inside doFilterInternal method null
2021-04-18 22:13:26.349  WARN 8784 --- [http-nio-8090-exec-9] c.m.b.config.JwtRequestFilter            : JWT Token does not begin with Bearer String
2021-04-18 22:13:55.809  INFO 8784 --- [http-nio-8090-exec-1] c.m.b.config.JwtRequestFilter            : Inside doFilterInternal method null
2021-04-18 22:13:55.809  WARN 8784 --- [http-nio-8090-exec-1] c.m.b.config.JwtRequestFilter            : JWT Token does not begin with Bearer String
2021-04-18 22:13:55.816  INFO 8784 --- [http-nio-8090-exec-1] c.m.b.controller.UserController          : Inside getuserbyid method
2021-04-18 22:13:55.827  INFO 8784 --- [http-nio-8090-exec-1] c.m.b.controller.UserController          : The user is retrivedOptional[User [name=aritra chatterjee, username=ari, customerId=R-338, password=@123Admin, email=chattbullets@gmail.com, address=50/51/3 kali, gender=male, maritalStatus=married, contactNumber=1234567890, accountType=savings, dateOfBirth=2021-04-08, accountnumber=5511739495948365, gurdianName=tbd, gurdianType=null, country=null, State=null, citizenShip=null, citizenStatus=null, dateOfRegistration=null, bankName=null, branchName=null, idproofType=null, iddocNumber=null, refaccholderName=null, refaccholderAccNo=null, refaccholderAddress=null]]
2021-04-18 22:13:58.854  INFO 8784 --- [http-nio-8090-exec-7] c.m.b.config.JwtRequestFilter            : Inside doFilterInternal method null
2021-04-18 22:13:58.854  WARN 8784 --- [http-nio-8090-exec-7] c.m.b.config.JwtRequestFilter            : JWT Token does not begin with Bearer String
2021-04-18 22:13:58.858  INFO 8784 --- [http-nio-8090-exec-7] c.m.b.c.JwtAuthenticationController      : Inside createAuthenticationToken method
2021-04-18 22:13:58.858  INFO 8784 --- [http-nio-8090-exec-7] c.m.b.c.JwtAuthenticationController      : Inside authenticate method
2021-04-18 22:13:58.973  INFO 8784 --- [http-nio-8090-exec-7] c.m.b.service.JwtUserDetailsService      : Inside loadUserByUsername method and the username is R-338
2021-04-18 22:13:59.239  INFO 8784 --- [http-nio-8090-exec-7] c.m.b.service.JwtUserDetailsService      : Inside loadUserByUsername method and the username is R-338
2021-04-18 22:13:59.444  INFO 8784 --- [http-nio-8090-exec-7] c.m.b.c.JwtAuthenticationController      : Authentication token is generated eyJhbGciOiJIUzUxMiJ9.eyJzdWIiOiJSLTMzOCIsImV4cCI6MTYxODc4MjIzOSwiaWF0IjoxNjE4NzY0MjM5fQ.H12ujcqtog6BedUNBN9BLTO_2C7B14mVsgnm5w7nevul_e1nYxvtVBL-uqs6iLeW0M81I34rfovwghT4-X3vow
2021-04-18 22:14:05.034  INFO 8784 --- [http-nio-8090-exec-3] c.m.b.config.JwtRequestFilter            : Inside doFilterInternal method Bearer eyJhbGciOiJIUzUxMiJ9.eyJzdWIiOiJSLTMzOCIsImV4cCI6MTYxODc4MjIzOSwiaWF0IjoxNjE4NzY0MjM5fQ.H12ujcqtog6BedUNBN9BLTO_2C7B14mVsgnm5w7nevul_e1nYxvtVBL-uqs6iLeW0M81I34rfovwghT4-X3vow
2021-04-18 22:14:05.061  INFO 8784 --- [http-nio-8090-exec-3] c.m.b.service.JwtUserDetailsService      : Inside loadUserByUsername method and the username is R-338
2021-04-18 22:14:05.189  INFO 8784 --- [http-nio-8090-exec-3] c.m.b.controller.UserController          : Inside getuserbyid method
2021-04-18 22:14:05.193  INFO 8784 --- [http-nio-8090-exec-3] c.m.b.controller.UserController          : The user is retrivedOptional[User [name=aritra chatterjee, username=ari, customerId=R-338, password=@123Admin, email=chattbullets@gmail.com, address=50/51/3 kali, gender=male, maritalStatus=married, contactNumber=1234567890, accountType=savings, dateOfBirth=2021-04-08, accountnumber=5511739495948365, gurdianName=tbd, gurdianType=null, country=null, State=null, citizenShip=null, citizenStatus=null, dateOfRegistration=null, bankName=null, branchName=null, idproofType=null, iddocNumber=null, refaccholderName=null, refaccholderAccNo=null, refaccholderAddress=null]]
2021-04-18 22:14:12.651  INFO 8784 --- [http-nio-8090-exec-4] c.m.b.config.JwtRequestFilter            : Inside doFilterInternal method Bearer eyJhbGciOiJIUzUxMiJ9.eyJzdWIiOiJSLTMzOCIsImV4cCI6MTYxODc4MjIzOSwiaWF0IjoxNjE4NzY0MjM5fQ.H12ujcqtog6BedUNBN9BLTO_2C7B14mVsgnm5w7nevul_e1nYxvtVBL-uqs6iLeW0M81I34rfovwghT4-X3vow
2021-04-18 22:14:12.653  INFO 8784 --- [http-nio-8090-exec-4] c.m.b.service.JwtUserDetailsService      : Inside loadUserByUsername method and the username is R-338
2021-04-18 22:14:12.790  INFO 8784 --- [http-nio-8090-exec-4] c.m.b.controller.UserController          : Inside getuserbyid method
2021-04-18 22:14:12.792  INFO 8784 --- [http-nio-8090-exec-4] c.m.b.controller.UserController          : The user is retrivedOptional[User [name=aritra chatterjee, username=ari, customerId=R-338, password=@123Admin, email=chattbullets@gmail.com, address=50/51/3 kali, gender=male, maritalStatus=married, contactNumber=1234567890, accountType=savings, dateOfBirth=2021-04-08, accountnumber=5511739495948365, gurdianName=tbd, gurdianType=null, country=null, State=null, citizenShip=null, citizenStatus=null, dateOfRegistration=null, bankName=null, branchName=null, idproofType=null, iddocNumber=null, refaccholderName=null, refaccholderAccNo=null, refaccholderAddress=null]]
2021-04-18 22:15:21.322  INFO 8784 --- [http-nio-8090-exec-3] c.m.b.config.JwtRequestFilter            : Inside doFilterInternal method Bearer eyJhbGciOiJIUzUxMiJ9.eyJzdWIiOiJSLTMzOCIsImV4cCI6MTYxODc4MjIzOSwiaWF0IjoxNjE4NzY0MjM5fQ.H12ujcqtog6BedUNBN9BLTO_2C7B14mVsgnm5w7nevul_e1nYxvtVBL-uqs6iLeW0M81I34rfovwghT4-X3vow
2021-04-18 22:15:21.326  INFO 8784 --- [http-nio-8090-exec-3] c.m.b.service.JwtUserDetailsService      : Inside loadUserByUsername method and the username is R-338
2021-04-18 22:15:21.444  INFO 8784 --- [http-nio-8090-exec-3] c.m.b.controller.UserController          : Inside updateuser method
2021-04-18 22:15:21.445  INFO 8784 --- [http-nio-8090-exec-3] c.m.bankmanagement.service.UserService   : Inside updateuser method in userservice
2021-04-18 22:15:21.471  INFO 8784 --- [http-nio-8090-exec-3] c.m.bankmanagement.service.UserService   : New user has been saved , in userservice
2021-04-18 22:15:21.471  INFO 8784 --- [http-nio-8090-exec-3] c.m.b.controller.UserController          : The user is updatedUser [name=aritra chatterjee, username=ari, customerId=R-338, password=@123Admin, email=chattbullets@gmail.com, address=50/51/3 kali, gender=male, maritalStatus=married, contactNumber=1234567890, accountType=savings, dateOfBirth=2021-04-08, accountnumber=5511739495948365, gurdianName=tbd, gurdianType=father, country=india, State=wb, citizenShip=indian, citizenStatus=yes, dateOfRegistration=2021-04-07, bankName=sbi, branchName=dwefe, idproofType=aadhar, iddocNumber=32433456, refaccholderName=ewdfcer, refaccholderAccNo=256465, refaccholderAddress=ygfygfj]
2021-04-18 22:15:28.920  INFO 8784 --- [http-nio-8090-exec-4] c.m.b.config.JwtRequestFilter            : Inside doFilterInternal method null
2021-04-18 22:15:28.920  WARN 8784 --- [http-nio-8090-exec-4] c.m.b.config.JwtRequestFilter            : JWT Token does not begin with Bearer String
2021-04-18 22:15:28.951  INFO 8784 --- [http-nio-8090-exec-6] c.m.b.config.JwtRequestFilter            : Inside doFilterInternal method null
2021-04-18 22:15:28.951  INFO 8784 --- [http-nio-8090-exec-8] c.m.b.config.JwtRequestFilter            : Inside doFilterInternal method null
2021-04-18 22:15:28.951  WARN 8784 --- [http-nio-8090-exec-8] c.m.b.config.JwtRequestFilter            : JWT Token does not begin with Bearer String
2021-04-18 22:15:28.951  WARN 8784 --- [http-nio-8090-exec-6] c.m.b.config.JwtRequestFilter            : JWT Token does not begin with Bearer String
2021-04-18 22:16:05.863  INFO 8784 --- [http-nio-8090-exec-10] c.m.b.config.JwtRequestFilter            : Inside doFilterInternal method Bearer eyJhbGciOiJIUzUxMiJ9.eyJzdWIiOiJSLTMzOCIsImV4cCI6MTYxODc4MjIzOSwiaWF0IjoxNjE4NzY0MjM5fQ.H12ujcqtog6BedUNBN9BLTO_2C7B14mVsgnm5w7nevul_e1nYxvtVBL-uqs6iLeW0M81I34rfovwghT4-X3vow
2021-04-18 22:16:05.865  INFO 8784 --- [http-nio-8090-exec-10] c.m.b.service.JwtUserDetailsService      : Inside loadUserByUsername method and the username is R-338
2021-04-18 22:16:05.986  INFO 8784 --- [http-nio-8090-exec-10] c.m.b.controller.UserController          : Inside getuserbyid method
2021-04-18 22:16:05.988  INFO 8784 --- [http-nio-8090-exec-10] c.m.b.controller.UserController          : The user is retrivedOptional[User [name=aritra chatterjee, username=ari, customerId=R-338, password=@123Admin, email=chattbullets@gmail.com, address=50/51/3 kali, gender=male, maritalStatus=married, contactNumber=1234567890, accountType=savings, dateOfBirth=2021-04-08, accountnumber=5511739495948365, gurdianName=tbd, gurdianType=father, country=india, State=wb, citizenShip=indian, citizenStatus=yes, dateOfRegistration=2021-04-07, bankName=sbi, branchName=dwefe, idproofType=aadhar, iddocNumber=32433456, refaccholderName=ewdfcer, refaccholderAccNo=256465, refaccholderAddress=ygfygfj]]
2021-04-18 22:16:38.827  INFO 8784 --- [http-nio-8090-exec-7] c.m.b.config.JwtRequestFilter            : Inside doFilterInternal method Bearer eyJhbGciOiJIUzUxMiJ9.eyJzdWIiOiJSLTMzOCIsImV4cCI6MTYxODc4MjIzOSwiaWF0IjoxNjE4NzY0MjM5fQ.H12ujcqtog6BedUNBN9BLTO_2C7B14mVsgnm5w7nevul_e1nYxvtVBL-uqs6iLeW0M81I34rfovwghT4-X3vow
2021-04-18 22:16:38.829  INFO 8784 --- [http-nio-8090-exec-7] c.m.b.service.JwtUserDetailsService      : Inside loadUserByUsername method and the username is R-338
2021-04-18 22:16:38.950  INFO 8784 --- [http-nio-8090-exec-7] c.m.b.controller.LoanController          : Inside the saveuser method
2021-04-18 22:16:38.950  INFO 8784 --- [http-nio-8090-exec-7] c.m.bankmanagement.service.LoanService   : Inside saveloan method of Loanservice
2021-04-18 22:16:38.954  INFO 8784 --- [http-nio-8090-exec-7] c.m.bankmanagement.utility.Loanutils     : Inside createloanid method
2021-04-18 22:16:38.960  INFO 8784 --- [http-nio-8090-exec-7] c.m.bankmanagement.service.LoanService   : New loan has been saved
2021-04-18 22:16:38.960  INFO 8784 --- [http-nio-8090-exec-7] c.m.b.controller.LoanController          : New Loan is savedLoan [loanType=personal, loanAmount=2000, rateOfInterest=20, loanDuration=5, loanIssueDate=2021-04-23, annualIncome=2576, companyName=tcs, courseName=null, courseFee=null, fatherName=null, loanId=LP-001, customerId=R-338]
2021-04-18 22:16:47.951  INFO 8784 --- [http-nio-8090-exec-5] c.m.b.config.JwtRequestFilter            : Inside doFilterInternal method null
2021-04-18 22:16:47.952  WARN 8784 --- [http-nio-8090-exec-5] c.m.b.config.JwtRequestFilter            : JWT Token does not begin with Bearer String
2021-04-18 22:16:47.973  INFO 8784 --- [http-nio-8090-exec-3] c.m.b.config.JwtRequestFilter            : Inside doFilterInternal method null
2021-04-18 22:16:47.973  WARN 8784 --- [http-nio-8090-exec-3] c.m.b.config.JwtRequestFilter            : JWT Token does not begin with Bearer String
2021-04-18 22:16:47.973  INFO 8784 --- [http-nio-8090-exec-4] c.m.b.config.JwtRequestFilter            : Inside doFilterInternal method null
2021-04-18 22:16:47.973  WARN 8784 --- [http-nio-8090-exec-4] c.m.b.config.JwtRequestFilter            : JWT Token does not begin with Bearer String
2021-04-18 22:16:53.162  INFO 8784 --- [http-nio-8090-exec-6] c.m.b.config.JwtRequestFilter            : Inside doFilterInternal method null
2021-04-18 22:16:53.162  WARN 8784 --- [http-nio-8090-exec-6] c.m.b.config.JwtRequestFilter            : JWT Token does not begin with Bearer String
2021-04-18 22:17:49.497  INFO 8784 --- [http-nio-8090-exec-2] c.m.b.config.JwtRequestFilter            : Inside doFilterInternal method Bearer eyJhbGciOiJIUzUxMiJ9.eyJzdWIiOiJSLTMzOCIsImV4cCI6MTYxODc4MjIzOSwiaWF0IjoxNjE4NzY0MjM5fQ.H12ujcqtog6BedUNBN9BLTO_2C7B14mVsgnm5w7nevul_e1nYxvtVBL-uqs6iLeW0M81I34rfovwghT4-X3vow
2021-04-18 22:17:49.499  INFO 8784 --- [http-nio-8090-exec-2] c.m.b.service.JwtUserDetailsService      : Inside loadUserByUsername method and the username is R-338
2021-04-18 22:17:49.628  INFO 8784 --- [http-nio-8090-exec-2] c.m.b.controller.LoanController          : Inside the saveuser method
2021-04-18 22:17:49.629  INFO 8784 --- [http-nio-8090-exec-2] c.m.bankmanagement.service.LoanService   : Inside saveloan method of Loanservice
2021-04-18 22:17:49.632  INFO 8784 --- [http-nio-8090-exec-2] c.m.bankmanagement.utility.Loanutils     : Inside createloanid method
2021-04-18 22:17:49.637  INFO 8784 --- [http-nio-8090-exec-2] c.m.bankmanagement.service.LoanService   : New loan has been saved
2021-04-18 22:17:49.638  INFO 8784 --- [http-nio-8090-exec-2] c.m.b.controller.LoanController          : New Loan is savedLoan [loanType=housing, loanAmount=2000, rateOfInterest=15, loanDuration=5, loanIssueDate=2021-04-23, annualIncome=2576, companyName=tcs, courseName=null, courseFee=null, fatherName=null, loanId=LH-001, customerId=R-338]
2021-04-18 22:17:54.880  INFO 8784 --- [http-nio-8090-exec-1] c.m.b.config.JwtRequestFilter            : Inside doFilterInternal method null
2021-04-18 22:17:54.881  WARN 8784 --- [http-nio-8090-exec-1] c.m.b.config.JwtRequestFilter            : JWT Token does not begin with Bearer String
2021-04-18 22:17:54.908  INFO 8784 --- [http-nio-8090-exec-7] c.m.b.config.JwtRequestFilter            : Inside doFilterInternal method null
2021-04-18 22:17:54.908  WARN 8784 --- [http-nio-8090-exec-7] c.m.b.config.JwtRequestFilter            : JWT Token does not begin with Bearer String
2021-04-18 22:17:54.908  INFO 8784 --- [http-nio-8090-exec-5] c.m.b.config.JwtRequestFilter            : Inside doFilterInternal method null
2021-04-18 22:17:54.909  WARN 8784 --- [http-nio-8090-exec-5] c.m.b.config.JwtRequestFilter            : JWT Token does not begin with Bearer String
2021-04-18 22:18:02.328  INFO 8784 --- [http-nio-8090-exec-3] c.m.b.config.JwtRequestFilter            : Inside doFilterInternal method Bearer eyJhbGciOiJIUzUxMiJ9.eyJzdWIiOiJSLTMzOCIsImV4cCI6MTYxODc4MjIzOSwiaWF0IjoxNjE4NzY0MjM5fQ.H12ujcqtog6BedUNBN9BLTO_2C7B14mVsgnm5w7nevul_e1nYxvtVBL-uqs6iLeW0M81I34rfovwghT4-X3vow
2021-04-18 22:18:02.330  INFO 8784 --- [http-nio-8090-exec-3] c.m.b.service.JwtUserDetailsService      : Inside loadUserByUsername method and the username is R-338
2021-04-18 22:18:02.464  INFO 8784 --- [http-nio-8090-exec-3] c.m.b.controller.LoanController          : Inside the saveuser method
2021-04-18 22:18:02.464  INFO 8784 --- [http-nio-8090-exec-3] c.m.bankmanagement.service.LoanService   : Inside saveloan method of Loanservice
2021-04-18 22:18:02.466  INFO 8784 --- [http-nio-8090-exec-3] c.m.bankmanagement.utility.Loanutils     : Inside createloanid method
2021-04-18 22:18:02.466  INFO 8784 --- [http-nio-8090-exec-3] c.m.bankmanagement.utility.Loanutils     : Loan id is LP-002
2021-04-18 22:18:02.469  INFO 8784 --- [http-nio-8090-exec-3] c.m.bankmanagement.service.LoanService   : New loan has been saved
2021-04-18 22:18:02.470  INFO 8784 --- [http-nio-8090-exec-3] c.m.b.controller.LoanController          : New Loan is savedLoan [loanType=personal, loanAmount=2000, rateOfInterest=20, loanDuration=5, loanIssueDate=2021-04-23, annualIncome=2576, companyName=tcs, courseName=null, courseFee=null, fatherName=null, loanId=LP-002, customerId=R-338]
2021-04-18 22:18:09.373  INFO 8784 --- [http-nio-8090-exec-4] c.m.b.config.JwtRequestFilter            : Inside doFilterInternal method Bearer eyJhbGciOiJIUzUxMiJ9.eyJzdWIiOiJSLTMzOCIsImV4cCI6MTYxODc4MjIzOSwiaWF0IjoxNjE4NzY0MjM5fQ.H12ujcqtog6BedUNBN9BLTO_2C7B14mVsgnm5w7nevul_e1nYxvtVBL-uqs6iLeW0M81I34rfovwghT4-X3vow
2021-04-18 22:18:09.375  INFO 8784 --- [http-nio-8090-exec-4] c.m.b.service.JwtUserDetailsService      : Inside loadUserByUsername method and the username is R-338
2021-04-18 22:18:09.497  INFO 8784 --- [http-nio-8090-exec-4] c.m.b.controller.LoanController          : Inside the saveuser method
2021-04-18 22:18:09.498  INFO 8784 --- [http-nio-8090-exec-4] c.m.bankmanagement.service.LoanService   : Inside saveloan method of Loanservice
2021-04-18 22:18:09.501  INFO 8784 --- [http-nio-8090-exec-4] c.m.bankmanagement.utility.Loanutils     : Inside createloanid method
2021-04-18 22:18:09.501  INFO 8784 --- [http-nio-8090-exec-4] c.m.bankmanagement.utility.Loanutils     : Loan id is LH-002
2021-04-18 22:18:09.505  INFO 8784 --- [http-nio-8090-exec-4] c.m.bankmanagement.service.LoanService   : New loan has been saved
2021-04-18 22:18:09.505  INFO 8784 --- [http-nio-8090-exec-4] c.m.b.controller.LoanController          : New Loan is savedLoan [loanType=housing, loanAmount=2000, rateOfInterest=15, loanDuration=5, loanIssueDate=2021-04-23, annualIncome=2576, companyName=tcs, courseName=null, courseFee=null, fatherName=null, loanId=LH-002, customerId=R-338]
2021-04-18 22:18:26.010  INFO 8784 --- [http-nio-8090-exec-6] c.m.b.config.JwtRequestFilter            : Inside doFilterInternal method Bearer eyJhbGciOiJIUzUxMiJ9.eyJzdWIiOiJSLTMzOCIsImV4cCI6MTYxODc4MjIzOSwiaWF0IjoxNjE4NzY0MjM5fQ.H12ujcqtog6BedUNBN9BLTO_2C7B14mVsgnm5w7nevul_e1nYxvtVBL-uqs6iLeW0M81I34rfovwghT4-X3vow
2021-04-18 22:18:26.012  INFO 8784 --- [http-nio-8090-exec-6] c.m.b.service.JwtUserDetailsService      : Inside loadUserByUsername method and the username is R-338
2021-04-18 22:18:26.135  INFO 8784 --- [http-nio-8090-exec-6] c.m.b.controller.LoanController          : Inside the saveuser method
2021-04-18 22:18:26.135  INFO 8784 --- [http-nio-8090-exec-6] c.m.bankmanagement.service.LoanService   : Inside saveloan method of Loanservice
2021-04-18 22:18:26.138  INFO 8784 --- [http-nio-8090-exec-6] c.m.bankmanagement.utility.Loanutils     : Inside createloanid method
2021-04-18 22:18:26.139  INFO 8784 --- [http-nio-8090-exec-6] c.m.bankmanagement.service.LoanService   : New loan has been saved
2021-04-18 22:18:26.140  INFO 8784 --- [http-nio-8090-exec-6] c.m.b.controller.LoanController          : New Loan is savedLoan [loanType=educational, loanAmount=2000, rateOfInterest=10, loanDuration=5, loanIssueDate=2021-04-23, annualIncome=, companyName=, courseName=be, courseFee=e5454, fatherName=gfkg, loanId=LE-001, customerId=R-338]
2021-04-18 22:18:32.193  INFO 8784 --- [http-nio-8090-exec-8] c.m.b.config.JwtRequestFilter            : Inside doFilterInternal method null
2021-04-18 22:18:32.194  WARN 8784 --- [http-nio-8090-exec-8] c.m.b.config.JwtRequestFilter            : JWT Token does not begin with Bearer String
2021-04-18 22:18:32.226  INFO 8784 --- [http-nio-8090-exec-10] c.m.b.config.JwtRequestFilter            : Inside doFilterInternal method null
2021-04-18 22:18:32.226  WARN 8784 --- [http-nio-8090-exec-10] c.m.b.config.JwtRequestFilter            : JWT Token does not begin with Bearer String
2021-04-18 22:18:32.228  INFO 8784 --- [http-nio-8090-exec-2] c.m.b.config.JwtRequestFilter            : Inside doFilterInternal method null
2021-04-18 22:18:32.228  WARN 8784 --- [http-nio-8090-exec-2] c.m.b.config.JwtRequestFilter            : JWT Token does not begin with Bearer String
2021-04-18 22:18:38.560  INFO 8784 --- [http-nio-8090-exec-9] c.m.b.config.JwtRequestFilter            : Inside doFilterInternal method Bearer eyJhbGciOiJIUzUxMiJ9.eyJzdWIiOiJSLTMzOCIsImV4cCI6MTYxODc4MjIzOSwiaWF0IjoxNjE4NzY0MjM5fQ.H12ujcqtog6BedUNBN9BLTO_2C7B14mVsgnm5w7nevul_e1nYxvtVBL-uqs6iLeW0M81I34rfovwghT4-X3vow
2021-04-18 22:18:38.562  INFO 8784 --- [http-nio-8090-exec-9] c.m.b.service.JwtUserDetailsService      : Inside loadUserByUsername method and the username is R-338
2021-04-18 22:18:38.700  INFO 8784 --- [http-nio-8090-exec-9] c.m.b.controller.LoanController          : Inside the saveuser method
2021-04-18 22:18:38.700  INFO 8784 --- [http-nio-8090-exec-9] c.m.bankmanagement.service.LoanService   : Inside saveloan method of Loanservice
2021-04-18 22:18:38.702  INFO 8784 --- [http-nio-8090-exec-9] c.m.bankmanagement.utility.Loanutils     : Inside createloanid method
2021-04-18 22:18:38.702  INFO 8784 --- [http-nio-8090-exec-9] c.m.bankmanagement.utility.Loanutils     : Loan id is LE-002
2021-04-18 22:18:38.705  INFO 8784 --- [http-nio-8090-exec-9] c.m.bankmanagement.service.LoanService   : New loan has been saved
2021-04-18 22:18:38.705  INFO 8784 --- [http-nio-8090-exec-9] c.m.b.controller.LoanController          : New Loan is savedLoan [loanType=educational, loanAmount=2000, rateOfInterest=10, loanDuration=5, loanIssueDate=2021-04-23, annualIncome=, companyName=, courseName=be, courseFee=e5454, fatherName=gfkg, loanId=LE-002, customerId=R-338]
2021-04-18 22:18:43.635  INFO 8784 --- [http-nio-8090-exec-1] c.m.b.config.JwtRequestFilter            : Inside doFilterInternal method null
2021-04-18 22:18:43.636  WARN 8784 --- [http-nio-8090-exec-1] c.m.b.config.JwtRequestFilter            : JWT Token does not begin with Bearer String
2021-04-18 22:18:43.661  INFO 8784 --- [http-nio-8090-exec-5] c.m.b.config.JwtRequestFilter            : Inside doFilterInternal method null
2021-04-18 22:18:43.661  INFO 8784 --- [http-nio-8090-exec-7] c.m.b.config.JwtRequestFilter            : Inside doFilterInternal method null
2021-04-18 22:18:43.661  WARN 8784 --- [http-nio-8090-exec-5] c.m.b.config.JwtRequestFilter            : JWT Token does not begin with Bearer String
2021-04-18 22:18:43.661  WARN 8784 --- [http-nio-8090-exec-7] c.m.b.config.JwtRequestFilter            : JWT Token does not begin with Bearer String
2021-04-18 22:19:00.016  INFO 8784 --- [http-nio-8090-exec-3] c.m.b.config.JwtRequestFilter            : Inside doFilterInternal method Bearer eyJhbGciOiJIUzUxMiJ9.eyJzdWIiOiJSLTMzOCIsImV4cCI6MTYxODc4MjIzOSwiaWF0IjoxNjE4NzY0MjM5fQ.H12ujcqtog6BedUNBN9BLTO_2C7B14mVsgnm5w7nevul_e1nYxvtVBL-uqs6iLeW0M81I34rfovwghT4-X3vow
2021-04-18 22:19:00.017  INFO 8784 --- [http-nio-8090-exec-3] c.m.b.service.JwtUserDetailsService      : Inside loadUserByUsername method and the username is R-338
2021-04-18 22:19:00.127  INFO 8784 --- [http-nio-8090-exec-3] c.m.b.controller.LoanController          : Inside the saveuser method
2021-04-18 22:19:00.127  INFO 8784 --- [http-nio-8090-exec-3] c.m.bankmanagement.service.LoanService   : Inside saveloan method of Loanservice
2021-04-18 22:19:00.129  INFO 8784 --- [http-nio-8090-exec-3] c.m.bankmanagement.utility.Loanutils     : Inside createloanid method
2021-04-18 22:19:00.130  INFO 8784 --- [http-nio-8090-exec-3] c.m.bankmanagement.utility.Loanutils     : Loan id is LH-003
2021-04-18 22:19:00.131  INFO 8784 --- [http-nio-8090-exec-3] c.m.bankmanagement.service.LoanService   : New loan has been saved
2021-04-18 22:19:00.131  INFO 8784 --- [http-nio-8090-exec-3] c.m.b.controller.LoanController          : New Loan is savedLoan [loanType=housing, loanAmount=2000, rateOfInterest=15, loanDuration=5, loanIssueDate=2021-04-23, annualIncome=54567, companyName=gfhg, courseName=, courseFee=, fatherName=, loanId=LH-003, customerId=R-338]
2021-04-18 22:19:04.951  INFO 8784 --- [http-nio-8090-exec-4] c.m.b.config.JwtRequestFilter            : Inside doFilterInternal method null
2021-04-18 22:19:04.952  WARN 8784 --- [http-nio-8090-exec-4] c.m.b.config.JwtRequestFilter            : JWT Token does not begin with Bearer String
2021-04-18 22:19:04.975  INFO 8784 --- [http-nio-8090-exec-6] c.m.b.config.JwtRequestFilter            : Inside doFilterInternal method null
2021-04-18 22:19:04.975  INFO 8784 --- [http-nio-8090-exec-8] c.m.b.config.JwtRequestFilter            : Inside doFilterInternal method null
2021-04-18 22:19:04.975  WARN 8784 --- [http-nio-8090-exec-8] c.m.b.config.JwtRequestFilter            : JWT Token does not begin with Bearer String
2021-04-18 22:19:04.975  WARN 8784 --- [http-nio-8090-exec-6] c.m.b.config.JwtRequestFilter            : JWT Token does not begin with Bearer String
2021-04-18 22:19:27.986  INFO 8784 --- [http-nio-8090-exec-10] c.m.b.config.JwtRequestFilter            : Inside doFilterInternal method Bearer eyJhbGciOiJIUzUxMiJ9.eyJzdWIiOiJSLTMzOCIsImV4cCI6MTYxODc4MjIzOSwiaWF0IjoxNjE4NzY0MjM5fQ.H12ujcqtog6BedUNBN9BLTO_2C7B14mVsgnm5w7nevul_e1nYxvtVBL-uqs6iLeW0M81I34rfovwghT4-X3vow
2021-04-18 22:19:27.988  INFO 8784 --- [http-nio-8090-exec-10] c.m.b.service.JwtUserDetailsService      : Inside loadUserByUsername method and the username is R-338
2021-04-18 22:19:28.103  INFO 8784 --- [http-nio-8090-exec-10] c.m.b.controller.LoanController          : Inside the saveuser method
2021-04-18 22:19:28.103  INFO 8784 --- [http-nio-8090-exec-10] c.m.bankmanagement.service.LoanService   : Inside saveloan method of Loanservice
2021-04-18 22:19:28.105  INFO 8784 --- [http-nio-8090-exec-10] c.m.bankmanagement.utility.Loanutils     : Inside createloanid method
2021-04-18 22:19:28.106  INFO 8784 --- [http-nio-8090-exec-10] c.m.bankmanagement.utility.Loanutils     : Loan id is LE-003
2021-04-18 22:19:28.108  INFO 8784 --- [http-nio-8090-exec-10] c.m.bankmanagement.service.LoanService   : New loan has been saved
2021-04-18 22:19:28.108  INFO 8784 --- [http-nio-8090-exec-10] c.m.b.controller.LoanController          : New Loan is savedLoan [loanType=educational, loanAmount=2000, rateOfInterest=10, loanDuration=5, loanIssueDate=2021-04-23, annualIncome=, companyName=, courseName=be, courseFee=4657, fatherName=cgfghvk, loanId=LE-003, customerId=R-338]
2021-04-18 22:19:33.197  INFO 8784 --- [http-nio-8090-exec-2] c.m.b.config.JwtRequestFilter            : Inside doFilterInternal method Bearer eyJhbGciOiJIUzUxMiJ9.eyJzdWIiOiJSLTMzOCIsImV4cCI6MTYxODc4MjIzOSwiaWF0IjoxNjE4NzY0MjM5fQ.H12ujcqtog6BedUNBN9BLTO_2C7B14mVsgnm5w7nevul_e1nYxvtVBL-uqs6iLeW0M81I34rfovwghT4-X3vow
2021-04-18 22:19:33.199  INFO 8784 --- [http-nio-8090-exec-2] c.m.b.service.JwtUserDetailsService      : Inside loadUserByUsername method and the username is R-338
2021-04-18 22:19:33.343  INFO 8784 --- [http-nio-8090-exec-2] c.m.b.controller.LoanController          : Inside the saveuser method
2021-04-18 22:19:33.343  INFO 8784 --- [http-nio-8090-exec-2] c.m.bankmanagement.service.LoanService   : Inside saveloan method of Loanservice
2021-04-18 22:19:33.345  INFO 8784 --- [http-nio-8090-exec-2] c.m.bankmanagement.utility.Loanutils     : Inside createloanid method
2021-04-18 22:19:33.345  INFO 8784 --- [http-nio-8090-exec-2] c.m.bankmanagement.utility.Loanutils     : Loan id is LE-004
2021-04-18 22:19:33.347  INFO 8784 --- [http-nio-8090-exec-2] c.m.bankmanagement.service.LoanService   : New loan has been saved
2021-04-18 22:19:33.347  INFO 8784 --- [http-nio-8090-exec-2] c.m.b.controller.LoanController          : New Loan is savedLoan [loanType=educational, loanAmount=2000, rateOfInterest=10, loanDuration=5, loanIssueDate=2021-04-23, annualIncome=, companyName=, courseName=be, courseFee=4657, fatherName=cgfghvk, loanId=LE-004, customerId=R-338]
2021-04-18 22:19:36.182  INFO 8784 --- [http-nio-8090-exec-9] c.m.b.config.JwtRequestFilter            : Inside doFilterInternal method Bearer eyJhbGciOiJIUzUxMiJ9.eyJzdWIiOiJSLTMzOCIsImV4cCI6MTYxODc4MjIzOSwiaWF0IjoxNjE4NzY0MjM5fQ.H12ujcqtog6BedUNBN9BLTO_2C7B14mVsgnm5w7nevul_e1nYxvtVBL-uqs6iLeW0M81I34rfovwghT4-X3vow
2021-04-18 22:19:36.184  INFO 8784 --- [http-nio-8090-exec-9] c.m.b.service.JwtUserDetailsService      : Inside loadUserByUsername method and the username is R-338
2021-04-18 22:19:36.313  INFO 8784 --- [http-nio-8090-exec-9] c.m.b.controller.LoanController          : Inside the saveuser method
2021-04-18 22:19:36.313  INFO 8784 --- [http-nio-8090-exec-9] c.m.bankmanagement.service.LoanService   : Inside saveloan method of Loanservice
2021-04-18 22:19:36.315  INFO 8784 --- [http-nio-8090-exec-9] c.m.bankmanagement.utility.Loanutils     : Inside createloanid method
2021-04-18 22:19:36.315  INFO 8784 --- [http-nio-8090-exec-9] c.m.bankmanagement.utility.Loanutils     : Loan id is LE-005
2021-04-18 22:19:36.317  INFO 8784 --- [http-nio-8090-exec-9] c.m.bankmanagement.service.LoanService   : New loan has been saved
2021-04-18 22:19:36.317  INFO 8784 --- [http-nio-8090-exec-9] c.m.b.controller.LoanController          : New Loan is savedLoan [loanType=educational, loanAmount=2000, rateOfInterest=10, loanDuration=5, loanIssueDate=2021-04-23, annualIncome=, companyName=, courseName=be, courseFee=4657, fatherName=cgfghvk, loanId=LE-005, customerId=R-338]
2021-04-18 22:19:40.123  INFO 8784 --- [http-nio-8090-exec-7] c.m.b.config.JwtRequestFilter            : Inside doFilterInternal method Bearer eyJhbGciOiJIUzUxMiJ9.eyJzdWIiOiJSLTMzOCIsImV4cCI6MTYxODc4MjIzOSwiaWF0IjoxNjE4NzY0MjM5fQ.H12ujcqtog6BedUNBN9BLTO_2C7B14mVsgnm5w7nevul_e1nYxvtVBL-uqs6iLeW0M81I34rfovwghT4-X3vow
2021-04-18 22:19:40.124  INFO 8784 --- [http-nio-8090-exec-7] c.m.b.service.JwtUserDetailsService      : Inside loadUserByUsername method and the username is R-338
2021-04-18 22:19:40.242  INFO 8784 --- [http-nio-8090-exec-7] c.m.b.controller.LoanController          : Inside getuserid method
2021-04-18 22:19:40.243  INFO 8784 --- [http-nio-8090-exec-7] c.m.bankmanagement.service.LoanService   : Inside getLoanbyId method of Loanservice
2021-04-18 22:19:40.245  INFO 8784 --- [http-nio-8090-exec-7] c.m.bankmanagement.utility.Loanutils     : Inside findloanbyid method
2021-04-18 22:19:40.245  INFO 8784 --- [http-nio-8090-exec-7] c.m.bankmanagement.service.LoanService   : Loanlist has been found [Loan [loanType=personal, loanAmount=2000, rateOfInterest=20, loanDuration=5, loanIssueDate=2021-04-23, annualIncome=2576, companyName=tcs, courseName=null, courseFee=null, fatherName=null, loanId=LP-001, customerId=R-338], Loan [loanType=housing, loanAmount=2000, rateOfInterest=15, loanDuration=5, loanIssueDate=2021-04-23, annualIncome=2576, companyName=tcs, courseName=null, courseFee=null, fatherName=null, loanId=LH-001, customerId=R-338], Loan [loanType=personal, loanAmount=2000, rateOfInterest=20, loanDuration=5, loanIssueDate=2021-04-23, annualIncome=2576, companyName=tcs, courseName=null, courseFee=null, fatherName=null, loanId=LP-002, customerId=R-338], Loan [loanType=housing, loanAmount=2000, rateOfInterest=15, loanDuration=5, loanIssueDate=2021-04-23, annualIncome=2576, companyName=tcs, courseName=null, courseFee=null, fatherName=null, loanId=LH-002, customerId=R-338], Loan [loanType=educational, loanAmount=2000, rateOfInterest=10, loanDuration=5, loanIssueDate=2021-04-23, annualIncome=, companyName=, courseName=be, courseFee=e5454, fatherName=gfkg, loanId=LE-001, customerId=R-338], Loan [loanType=educational, loanAmount=2000, rateOfInterest=10, loanDuration=5, loanIssueDate=2021-04-23, annualIncome=, companyName=, courseName=be, courseFee=e5454, fatherName=gfkg, loanId=LE-002, customerId=R-338], Loan [loanType=housing, loanAmount=2000, rateOfInterest=15, loanDuration=5, loanIssueDate=2021-04-23, annualIncome=54567, companyName=gfhg, courseName=, courseFee=, fatherName=, loanId=LH-003, customerId=R-338], Loan [loanType=educational, loanAmount=2000, rateOfInterest=10, loanDuration=5, loanIssueDate=2021-04-23, annualIncome=, companyName=, courseName=be, courseFee=4657, fatherName=cgfghvk, loanId=LE-003, customerId=R-338], Loan [loanType=educational, loanAmount=2000, rateOfInterest=10, loanDuration=5, loanIssueDate=2021-04-23, annualIncome=, companyName=, courseName=be, courseFee=4657, fatherName=cgfghvk, loanId=LE-004, customerId=R-338], Loan [loanType=educational, loanAmount=2000, rateOfInterest=10, loanDuration=5, loanIssueDate=2021-04-23, annualIncome=, companyName=, courseName=be, courseFee=4657, fatherName=cgfghvk, loanId=LE-005, customerId=R-338]]
2021-04-18 22:19:40.245  INFO 8784 --- [http-nio-8090-exec-7] c.m.b.controller.LoanController          : The Loanlist is retrieved[Loan [loanType=personal, loanAmount=2000, rateOfInterest=20, loanDuration=5, loanIssueDate=2021-04-23, annualIncome=2576, companyName=tcs, courseName=null, courseFee=null, fatherName=null, loanId=LP-001, customerId=R-338], Loan [loanType=housing, loanAmount=2000, rateOfInterest=15, loanDuration=5, loanIssueDate=2021-04-23, annualIncome=2576, companyName=tcs, courseName=null, courseFee=null, fatherName=null, loanId=LH-001, customerId=R-338], Loan [loanType=personal, loanAmount=2000, rateOfInterest=20, loanDuration=5, loanIssueDate=2021-04-23, annualIncome=2576, companyName=tcs, courseName=null, courseFee=null, fatherName=null, loanId=LP-002, customerId=R-338], Loan [loanType=housing, loanAmount=2000, rateOfInterest=15, loanDuration=5, loanIssueDate=2021-04-23, annualIncome=2576, companyName=tcs, courseName=null, courseFee=null, fatherName=null, loanId=LH-002, customerId=R-338], Loan [loanType=educational, loanAmount=2000, rateOfInterest=10, loanDuration=5, loanIssueDate=2021-04-23, annualIncome=, companyName=, courseName=be, courseFee=e5454, fatherName=gfkg, loanId=LE-001, customerId=R-338], Loan [loanType=educational, loanAmount=2000, rateOfInterest=10, loanDuration=5, loanIssueDate=2021-04-23, annualIncome=, companyName=, courseName=be, courseFee=e5454, fatherName=gfkg, loanId=LE-002, customerId=R-338], Loan [loanType=housing, loanAmount=2000, rateOfInterest=15, loanDuration=5, loanIssueDate=2021-04-23, annualIncome=54567, companyName=gfhg, courseName=, courseFee=, fatherName=, loanId=LH-003, customerId=R-338], Loan [loanType=educational, loanAmount=2000, rateOfInterest=10, loanDuration=5, loanIssueDate=2021-04-23, annualIncome=, companyName=, courseName=be, courseFee=4657, fatherName=cgfghvk, loanId=LE-003, customerId=R-338], Loan [loanType=educational, loanAmount=2000, rateOfInterest=10, loanDuration=5, loanIssueDate=2021-04-23, annualIncome=, companyName=, courseName=be, courseFee=4657, fatherName=cgfghvk, loanId=LE-004, customerId=R-338], Loan [loanType=educational, loanAmount=2000, rateOfInterest=10, loanDuration=5, loanIssueDate=2021-04-23, annualIncome=, companyName=, courseName=be, courseFee=4657, fatherName=cgfghvk, loanId=LE-005, customerId=R-338]]
2021-04-18 22:20:09.870  INFO 8784 --- [http-nio-8090-exec-4] c.m.b.config.JwtRequestFilter            : Inside doFilterInternal method Bearer eyJhbGciOiJIUzUxMiJ9.eyJzdWIiOiJSLTMzOCIsImV4cCI6MTYxODc4MjIzOSwiaWF0IjoxNjE4NzY0MjM5fQ.H12ujcqtog6BedUNBN9BLTO_2C7B14mVsgnm5w7nevul_e1nYxvtVBL-uqs6iLeW0M81I34rfovwghT4-X3vow
2021-04-18 22:20:09.872  INFO 8784 --- [http-nio-8090-exec-4] c.m.b.service.JwtUserDetailsService      : Inside loadUserByUsername method and the username is R-338
2021-04-18 22:20:09.999  INFO 8784 --- [http-nio-8090-exec-4] c.m.b.controller.UserController          : Inside getuserbyid method
2021-04-18 22:20:10.000  INFO 8784 --- [http-nio-8090-exec-4] c.m.b.controller.UserController          : The user is retrivedOptional[User [name=aritra chatterjee, username=ari, customerId=R-338, password=@123Admin, email=chattbullets@gmail.com, address=50/51/3 kali, gender=male, maritalStatus=married, contactNumber=1234567890, accountType=savings, dateOfBirth=2021-04-08, accountnumber=5511739495948365, gurdianName=tbd, gurdianType=father, country=india, State=wb, citizenShip=indian, citizenStatus=yes, dateOfRegistration=2021-04-07, bankName=sbi, branchName=dwefe, idproofType=aadhar, iddocNumber=32433456, refaccholderName=ewdfcer, refaccholderAccNo=256465, refaccholderAddress=ygfygfj]]
2021-04-18 22:20:15.761  INFO 8784 --- [http-nio-8090-exec-8] c.m.b.config.JwtRequestFilter            : Inside doFilterInternal method Bearer eyJhbGciOiJIUzUxMiJ9.eyJzdWIiOiJSLTMzOCIsImV4cCI6MTYxODc4MjIzOSwiaWF0IjoxNjE4NzY0MjM5fQ.H12ujcqtog6BedUNBN9BLTO_2C7B14mVsgnm5w7nevul_e1nYxvtVBL-uqs6iLeW0M81I34rfovwghT4-X3vow
2021-04-18 22:20:15.762  INFO 8784 --- [http-nio-8090-exec-8] c.m.b.service.JwtUserDetailsService      : Inside loadUserByUsername method and the username is R-338
2021-04-18 22:20:15.868  INFO 8784 --- [http-nio-8090-exec-8] c.m.b.controller.UserController          : Inside getuserbyid method
2021-04-18 22:20:15.870  INFO 8784 --- [http-nio-8090-exec-8] c.m.b.controller.UserController          : The user is retrivedOptional[User [name=aritra chatterjee, username=ari, customerId=R-338, password=@123Admin, email=chattbullets@gmail.com, address=50/51/3 kali, gender=male, maritalStatus=married, contactNumber=1234567890, accountType=savings, dateOfBirth=2021-04-08, accountnumber=5511739495948365, gurdianName=tbd, gurdianType=father, country=india, State=wb, citizenShip=indian, citizenStatus=yes, dateOfRegistration=2021-04-07, bankName=sbi, branchName=dwefe, idproofType=aadhar, iddocNumber=32433456, refaccholderName=ewdfcer, refaccholderAccNo=256465, refaccholderAddress=ygfygfj]]
2021-04-18 22:20:16.912  INFO 8784 --- [http-nio-8090-exec-6] c.m.b.config.JwtRequestFilter            : Inside doFilterInternal method Bearer eyJhbGciOiJIUzUxMiJ9.eyJzdWIiOiJSLTMzOCIsImV4cCI6MTYxODc4MjIzOSwiaWF0IjoxNjE4NzY0MjM5fQ.H12ujcqtog6BedUNBN9BLTO_2C7B14mVsgnm5w7nevul_e1nYxvtVBL-uqs6iLeW0M81I34rfovwghT4-X3vow
2021-04-18 22:20:16.914  INFO 8784 --- [http-nio-8090-exec-6] c.m.b.service.JwtUserDetailsService      : Inside loadUserByUsername method and the username is R-338
2021-04-18 22:20:17.044  INFO 8784 --- [http-nio-8090-exec-6] c.m.b.controller.UserController          : Inside getuserbyid method
2021-04-18 22:20:17.046  INFO 8784 --- [http-nio-8090-exec-6] c.m.b.controller.UserController          : The user is retrivedOptional[User [name=aritra chatterjee, username=ari, customerId=R-338, password=@123Admin, email=chattbullets@gmail.com, address=50/51/3 kali, gender=male, maritalStatus=married, contactNumber=1234567890, accountType=savings, dateOfBirth=2021-04-08, accountnumber=5511739495948365, gurdianName=tbd, gurdianType=father, country=india, State=wb, citizenShip=indian, citizenStatus=yes, dateOfRegistration=2021-04-07, bankName=sbi, branchName=dwefe, idproofType=aadhar, iddocNumber=32433456, refaccholderName=ewdfcer, refaccholderAccNo=256465, refaccholderAddress=ygfygfj]]
2021-04-18 22:20:20.680  INFO 8784 --- [http-nio-8090-exec-10] c.m.b.config.JwtRequestFilter            : Inside doFilterInternal method Bearer eyJhbGciOiJIUzUxMiJ9.eyJzdWIiOiJSLTMzOCIsImV4cCI6MTYxODc4MjIzOSwiaWF0IjoxNjE4NzY0MjM5fQ.H12ujcqtog6BedUNBN9BLTO_2C7B14mVsgnm5w7nevul_e1nYxvtVBL-uqs6iLeW0M81I34rfovwghT4-X3vow
2021-04-18 22:20:20.682  INFO 8784 --- [http-nio-8090-exec-10] c.m.b.service.JwtUserDetailsService      : Inside loadUserByUsername method and the username is R-338
2021-04-18 22:20:20.821  INFO 8784 --- [http-nio-8090-exec-10] c.m.b.controller.UserController          : Inside getuserbyid method
2021-04-18 22:20:20.823  INFO 8784 --- [http-nio-8090-exec-10] c.m.b.controller.UserController          : The user is retrivedOptional[User [name=aritra chatterjee, username=ari, customerId=R-338, password=@123Admin, email=chattbullets@gmail.com, address=50/51/3 kali, gender=male, maritalStatus=married, contactNumber=1234567890, accountType=savings, dateOfBirth=2021-04-08, accountnumber=5511739495948365, gurdianName=tbd, gurdianType=father, country=india, State=wb, citizenShip=indian, citizenStatus=yes, dateOfRegistration=2021-04-07, bankName=sbi, branchName=dwefe, idproofType=aadhar, iddocNumber=32433456, refaccholderName=ewdfcer, refaccholderAccNo=256465, refaccholderAddress=ygfygfj]]
2021-04-18 22:20:21.474  INFO 8784 --- [http-nio-8090-exec-2] c.m.b.config.JwtRequestFilter            : Inside doFilterInternal method Bearer eyJhbGciOiJIUzUxMiJ9.eyJzdWIiOiJSLTMzOCIsImV4cCI6MTYxODc4MjIzOSwiaWF0IjoxNjE4NzY0MjM5fQ.H12ujcqtog6BedUNBN9BLTO_2C7B14mVsgnm5w7nevul_e1nYxvtVBL-uqs6iLeW0M81I34rfovwghT4-X3vow
2021-04-18 22:20:21.475  INFO 8784 --- [http-nio-8090-exec-2] c.m.b.service.JwtUserDetailsService      : Inside loadUserByUsername method and the username is R-338
2021-04-18 22:20:21.607  INFO 8784 --- [http-nio-8090-exec-2] c.m.b.controller.UserController          : Inside getuserbyid method
2021-04-18 22:20:21.609  INFO 8784 --- [http-nio-8090-exec-2] c.m.b.controller.UserController          : The user is retrivedOptional[User [name=aritra chatterjee, username=ari, customerId=R-338, password=@123Admin, email=chattbullets@gmail.com, address=50/51/3 kali, gender=male, maritalStatus=married, contactNumber=1234567890, accountType=savings, dateOfBirth=2021-04-08, accountnumber=5511739495948365, gurdianName=tbd, gurdianType=father, country=india, State=wb, citizenShip=indian, citizenStatus=yes, dateOfRegistration=2021-04-07, bankName=sbi, branchName=dwefe, idproofType=aadhar, iddocNumber=32433456, refaccholderName=ewdfcer, refaccholderAccNo=256465, refaccholderAddress=ygfygfj]]
2021-04-18 22:20:22.314  INFO 8784 --- [http-nio-8090-exec-9] c.m.b.config.JwtRequestFilter            : Inside doFilterInternal method Bearer eyJhbGciOiJIUzUxMiJ9.eyJzdWIiOiJSLTMzOCIsImV4cCI6MTYxODc4MjIzOSwiaWF0IjoxNjE4NzY0MjM5fQ.H12ujcqtog6BedUNBN9BLTO_2C7B14mVsgnm5w7nevul_e1nYxvtVBL-uqs6iLeW0M81I34rfovwghT4-X3vow
2021-04-18 22:20:22.316  INFO 8784 --- [http-nio-8090-exec-9] c.m.b.service.JwtUserDetailsService      : Inside loadUserByUsername method and the username is R-338
2021-04-18 22:20:22.440  INFO 8784 --- [http-nio-8090-exec-9] c.m.b.controller.LoanController          : Inside getuserid method
2021-04-18 22:20:22.440  INFO 8784 --- [http-nio-8090-exec-9] c.m.bankmanagement.service.LoanService   : Inside getLoanbyId method of Loanservice
2021-04-18 22:20:22.442  INFO 8784 --- [http-nio-8090-exec-9] c.m.bankmanagement.utility.Loanutils     : Inside findloanbyid method
2021-04-18 22:20:22.442  INFO 8784 --- [http-nio-8090-exec-9] c.m.bankmanagement.service.LoanService   : Loanlist has been found [Loan [loanType=personal, loanAmount=2000, rateOfInterest=20, loanDuration=5, loanIssueDate=2021-04-23, annualIncome=2576, companyName=tcs, courseName=null, courseFee=null, fatherName=null, loanId=LP-001, customerId=R-338], Loan [loanType=housing, loanAmount=2000, rateOfInterest=15, loanDuration=5, loanIssueDate=2021-04-23, annualIncome=2576, companyName=tcs, courseName=null, courseFee=null, fatherName=null, loanId=LH-001, customerId=R-338], Loan [loanType=personal, loanAmount=2000, rateOfInterest=20, loanDuration=5, loanIssueDate=2021-04-23, annualIncome=2576, companyName=tcs, courseName=null, courseFee=null, fatherName=null, loanId=LP-002, customerId=R-338], Loan [loanType=housing, loanAmount=2000, rateOfInterest=15, loanDuration=5, loanIssueDate=2021-04-23, annualIncome=2576, companyName=tcs, courseName=null, courseFee=null, fatherName=null, loanId=LH-002, customerId=R-338], Loan [loanType=educational, loanAmount=2000, rateOfInterest=10, loanDuration=5, loanIssueDate=2021-04-23, annualIncome=, companyName=, courseName=be, courseFee=e5454, fatherName=gfkg, loanId=LE-001, customerId=R-338], Loan [loanType=educational, loanAmount=2000, rateOfInterest=10, loanDuration=5, loanIssueDate=2021-04-23, annualIncome=, companyName=, courseName=be, courseFee=e5454, fatherName=gfkg, loanId=LE-002, customerId=R-338], Loan [loanType=housing, loanAmount=2000, rateOfInterest=15, loanDuration=5, loanIssueDate=2021-04-23, annualIncome=54567, companyName=gfhg, courseName=, courseFee=, fatherName=, loanId=LH-003, customerId=R-338], Loan [loanType=educational, loanAmount=2000, rateOfInterest=10, loanDuration=5, loanIssueDate=2021-04-23, annualIncome=, companyName=, courseName=be, courseFee=4657, fatherName=cgfghvk, loanId=LE-003, customerId=R-338], Loan [loanType=educational, loanAmount=2000, rateOfInterest=10, loanDuration=5, loanIssueDate=2021-04-23, annualIncome=, companyName=, courseName=be, courseFee=4657, fatherName=cgfghvk, loanId=LE-004, customerId=R-338], Loan [loanType=educational, loanAmount=2000, rateOfInterest=10, loanDuration=5, loanIssueDate=2021-04-23, annualIncome=, companyName=, courseName=be, courseFee=4657, fatherName=cgfghvk, loanId=LE-005, customerId=R-338]]
2021-04-18 22:20:22.442  INFO 8784 --- [http-nio-8090-exec-9] c.m.b.controller.LoanController          : The Loanlist is retrieved[Loan [loanType=personal, loanAmount=2000, rateOfInterest=20, loanDuration=5, loanIssueDate=2021-04-23, annualIncome=2576, companyName=tcs, courseName=null, courseFee=null, fatherName=null, loanId=LP-001, customerId=R-338], Loan [loanType=housing, loanAmount=2000, rateOfInterest=15, loanDuration=5, loanIssueDate=2021-04-23, annualIncome=2576, companyName=tcs, courseName=null, courseFee=null, fatherName=null, loanId=LH-001, customerId=R-338], Loan [loanType=personal, loanAmount=2000, rateOfInterest=20, loanDuration=5, loanIssueDate=2021-04-23, annualIncome=2576, companyName=tcs, courseName=null, courseFee=null, fatherName=null, loanId=LP-002, customerId=R-338], Loan [loanType=housing, loanAmount=2000, rateOfInterest=15, loanDuration=5, loanIssueDate=2021-04-23, annualIncome=2576, companyName=tcs, courseName=null, courseFee=null, fatherName=null, loanId=LH-002, customerId=R-338], Loan [loanType=educational, loanAmount=2000, rateOfInterest=10, loanDuration=5, loanIssueDate=2021-04-23, annualIncome=, companyName=, courseName=be, courseFee=e5454, fatherName=gfkg, loanId=LE-001, customerId=R-338], Loan [loanType=educational, loanAmount=2000, rateOfInterest=10, loanDuration=5, loanIssueDate=2021-04-23, annualIncome=, companyName=, courseName=be, courseFee=e5454, fatherName=gfkg, loanId=LE-002, customerId=R-338], Loan [loanType=housing, loanAmount=2000, rateOfInterest=15, loanDuration=5, loanIssueDate=2021-04-23, annualIncome=54567, companyName=gfhg, courseName=, courseFee=, fatherName=, loanId=LH-003, customerId=R-338], Loan [loanType=educational, loanAmount=2000, rateOfInterest=10, loanDuration=5, loanIssueDate=2021-04-23, annualIncome=, companyName=, courseName=be, courseFee=4657, fatherName=cgfghvk, loanId=LE-003, customerId=R-338], Loan [loanType=educational, loanAmount=2000, rateOfInterest=10, loanDuration=5, loanIssueDate=2021-04-23, annualIncome=, companyName=, courseName=be, courseFee=4657, fatherName=cgfghvk, loanId=LE-004, customerId=R-338], Loan [loanType=educational, loanAmount=2000, rateOfInterest=10, loanDuration=5, loanIssueDate=2021-04-23, annualIncome=, companyName=, courseName=be, courseFee=4657, fatherName=cgfghvk, loanId=LE-005, customerId=R-338]]
2021-04-18 22:20:43.811  INFO 8784 --- [http-nio-8090-exec-1] c.m.b.config.JwtRequestFilter            : Inside doFilterInternal method Bearer eyJhbGciOiJIUzUxMiJ9.eyJzdWIiOiJSLTMzOCIsImV4cCI6MTYxODc4MjIzOSwiaWF0IjoxNjE4NzY0MjM5fQ.H12ujcqtog6BedUNBN9BLTO_2C7B14mVsgnm5w7nevul_e1nYxvtVBL-uqs6iLeW0M81I34rfovwghT4-X3vow
2021-04-18 22:20:43.813  INFO 8784 --- [http-nio-8090-exec-1] c.m.b.service.JwtUserDetailsService      : Inside loadUserByUsername method and the username is R-338
2021-04-18 22:20:43.928  INFO 8784 --- [http-nio-8090-exec-1] c.m.b.controller.LoanController          : Inside the saveuser method
2021-04-18 22:20:43.928  INFO 8784 --- [http-nio-8090-exec-1] c.m.bankmanagement.service.LoanService   : Inside saveloan method of Loanservice
2021-04-18 22:20:43.930  INFO 8784 --- [http-nio-8090-exec-1] c.m.bankmanagement.utility.Loanutils     : Inside createloanid method
2021-04-18 22:20:43.930  INFO 8784 --- [http-nio-8090-exec-1] c.m.bankmanagement.utility.Loanutils     : Loan id is LP-003
2021-04-18 22:20:43.933  INFO 8784 --- [http-nio-8090-exec-1] c.m.bankmanagement.service.LoanService   : New loan has been saved
2021-04-18 22:20:43.933  INFO 8784 --- [http-nio-8090-exec-1] c.m.b.controller.LoanController          : New Loan is savedLoan [loanType=personal, loanAmount=6547, rateOfInterest=20, loanDuration=15, loanIssueDate=2021-04-30, annualIncome=34565, companyName=vvkj, courseName=null, courseFee=null, fatherName=null, loanId=LP-003, customerId=R-338]
2021-04-18 22:20:49.281  INFO 8784 --- [http-nio-8090-exec-7] c.m.b.config.JwtRequestFilter            : Inside doFilterInternal method Bearer eyJhbGciOiJIUzUxMiJ9.eyJzdWIiOiJSLTMzOCIsImV4cCI6MTYxODc4MjIzOSwiaWF0IjoxNjE4NzY0MjM5fQ.H12ujcqtog6BedUNBN9BLTO_2C7B14mVsgnm5w7nevul_e1nYxvtVBL-uqs6iLeW0M81I34rfovwghT4-X3vow
2021-04-18 22:20:49.283  INFO 8784 --- [http-nio-8090-exec-7] c.m.b.service.JwtUserDetailsService      : Inside loadUserByUsername method and the username is R-338
2021-04-18 22:20:49.409  INFO 8784 --- [http-nio-8090-exec-7] c.m.b.controller.LoanController          : Inside getuserid method
2021-04-18 22:20:49.409  INFO 8784 --- [http-nio-8090-exec-7] c.m.bankmanagement.service.LoanService   : Inside getLoanbyId method of Loanservice
2021-04-18 22:20:49.411  INFO 8784 --- [http-nio-8090-exec-7] c.m.bankmanagement.utility.Loanutils     : Inside findloanbyid method
2021-04-18 22:20:49.412  INFO 8784 --- [http-nio-8090-exec-7] c.m.bankmanagement.service.LoanService   : Loanlist has been found [Loan [loanType=personal, loanAmount=2000, rateOfInterest=20, loanDuration=5, loanIssueDate=2021-04-23, annualIncome=2576, companyName=tcs, courseName=null, courseFee=null, fatherName=null, loanId=LP-001, customerId=R-338], Loan [loanType=housing, loanAmount=2000, rateOfInterest=15, loanDuration=5, loanIssueDate=2021-04-23, annualIncome=2576, companyName=tcs, courseName=null, courseFee=null, fatherName=null, loanId=LH-001, customerId=R-338], Loan [loanType=personal, loanAmount=2000, rateOfInterest=20, loanDuration=5, loanIssueDate=2021-04-23, annualIncome=2576, companyName=tcs, courseName=null, courseFee=null, fatherName=null, loanId=LP-002, customerId=R-338], Loan [loanType=housing, loanAmount=2000, rateOfInterest=15, loanDuration=5, loanIssueDate=2021-04-23, annualIncome=2576, companyName=tcs, courseName=null, courseFee=null, fatherName=null, loanId=LH-002, customerId=R-338], Loan [loanType=educational, loanAmount=2000, rateOfInterest=10, loanDuration=5, loanIssueDate=2021-04-23, annualIncome=, companyName=, courseName=be, courseFee=e5454, fatherName=gfkg, loanId=LE-001, customerId=R-338], Loan [loanType=educational, loanAmount=2000, rateOfInterest=10, loanDuration=5, loanIssueDate=2021-04-23, annualIncome=, companyName=, courseName=be, courseFee=e5454, fatherName=gfkg, loanId=LE-002, customerId=R-338], Loan [loanType=housing, loanAmount=2000, rateOfInterest=15, loanDuration=5, loanIssueDate=2021-04-23, annualIncome=54567, companyName=gfhg, courseName=, courseFee=, fatherName=, loanId=LH-003, customerId=R-338], Loan [loanType=educational, loanAmount=2000, rateOfInterest=10, loanDuration=5, loanIssueDate=2021-04-23, annualIncome=, companyName=, courseName=be, courseFee=4657, fatherName=cgfghvk, loanId=LE-003, customerId=R-338], Loan [loanType=educational, loanAmount=2000, rateOfInterest=10, loanDuration=5, loanIssueDate=2021-04-23, annualIncome=, companyName=, courseName=be, courseFee=4657, fatherName=cgfghvk, loanId=LE-004, customerId=R-338], Loan [loanType=educational, loanAmount=2000, rateOfInterest=10, loanDuration=5, loanIssueDate=2021-04-23, annualIncome=, companyName=, courseName=be, courseFee=4657, fatherName=cgfghvk, loanId=LE-005, customerId=R-338], Loan [loanType=personal, loanAmount=6547, rateOfInterest=20, loanDuration=15, loanIssueDate=2021-04-30, annualIncome=34565, companyName=vvkj, courseName=null, courseFee=null, fatherName=null, loanId=LP-003, customerId=R-338]]
2021-04-18 22:20:49.412  INFO 8784 --- [http-nio-8090-exec-7] c.m.b.controller.LoanController          : The Loanlist is retrieved[Loan [loanType=personal, loanAmount=2000, rateOfInterest=20, loanDuration=5, loanIssueDate=2021-04-23, annualIncome=2576, companyName=tcs, courseName=null, courseFee=null, fatherName=null, loanId=LP-001, customerId=R-338], Loan [loanType=housing, loanAmount=2000, rateOfInterest=15, loanDuration=5, loanIssueDate=2021-04-23, annualIncome=2576, companyName=tcs, courseName=null, courseFee=null, fatherName=null, loanId=LH-001, customerId=R-338], Loan [loanType=personal, loanAmount=2000, rateOfInterest=20, loanDuration=5, loanIssueDate=2021-04-23, annualIncome=2576, companyName=tcs, courseName=null, courseFee=null, fatherName=null, loanId=LP-002, customerId=R-338], Loan [loanType=housing, loanAmount=2000, rateOfInterest=15, loanDuration=5, loanIssueDate=2021-04-23, annualIncome=2576, companyName=tcs, courseName=null, courseFee=null, fatherName=null, loanId=LH-002, customerId=R-338], Loan [loanType=educational, loanAmount=2000, rateOfInterest=10, loanDuration=5, loanIssueDate=2021-04-23, annualIncome=, companyName=, courseName=be, courseFee=e5454, fatherName=gfkg, loanId=LE-001, customerId=R-338], Loan [loanType=educational, loanAmount=2000, rateOfInterest=10, loanDuration=5, loanIssueDate=2021-04-23, annualIncome=, companyName=, courseName=be, courseFee=e5454, fatherName=gfkg, loanId=LE-002, customerId=R-338], Loan [loanType=housing, loanAmount=2000, rateOfInterest=15, loanDuration=5, loanIssueDate=2021-04-23, annualIncome=54567, companyName=gfhg, courseName=, courseFee=, fatherName=, loanId=LH-003, customerId=R-338], Loan [loanType=educational, loanAmount=2000, rateOfInterest=10, loanDuration=5, loanIssueDate=2021-04-23, annualIncome=, companyName=, courseName=be, courseFee=4657, fatherName=cgfghvk, loanId=LE-003, customerId=R-338], Loan [loanType=educational, loanAmount=2000, rateOfInterest=10, loanDuration=5, loanIssueDate=2021-04-23, annualIncome=, companyName=, courseName=be, courseFee=4657, fatherName=cgfghvk, loanId=LE-004, customerId=R-338], Loan [loanType=educational, loanAmount=2000, rateOfInterest=10, loanDuration=5, loanIssueDate=2021-04-23, annualIncome=, companyName=, courseName=be, courseFee=4657, fatherName=cgfghvk, loanId=LE-005, customerId=R-338], Loan [loanType=personal, loanAmount=6547, rateOfInterest=20, loanDuration=15, loanIssueDate=2021-04-30, annualIncome=34565, companyName=vvkj, courseName=null, courseFee=null, fatherName=null, loanId=LP-003, customerId=R-338]]
2021-04-18 22:21:18.755  INFO 8784 --- [RMI TCP Connection(2)-127.0.0.1] inMXBeanRegistrar$SpringApplicationAdmin : Application shutdown requested.
2021-04-18 22:21:18.809  INFO 8784 --- [RMI TCP Connection(2)-127.0.0.1] o.s.s.concurrent.ThreadPoolTaskExecutor  : Shutting down ExecutorService 'applicationTaskExecutor'
2021-04-18 22:21:18.812  INFO 8784 --- [RMI TCP Connection(2)-127.0.0.1] j.LocalContainerEntityManagerFactoryBean : Closing JPA EntityManagerFactory for persistence unit 'default'
2021-04-18 22:21:18.813  INFO 8784 --- [RMI TCP Connection(2)-127.0.0.1] .SchemaDropperImpl$DelayedDropActionImpl : HHH000477: Starting delayed evictData of schema as part of SessionFactory shut-down'
2021-04-18 22:21:19.023  WARN 8784 --- [RMI TCP Connection(2)-127.0.0.1] o.s.b.f.support.DisposableBeanAdapter    : Invocation of destroy method failed on bean with name 'inMemoryDatabaseShutdownExecutor': org.h2.jdbc.JdbcSQLNonTransientConnectionException: Database is already closed (to disable automatic closing at VM shutdown, add ";DB_CLOSE_ON_EXIT=FALSE" to the db URL) [90121-200]
2021-04-18 22:21:19.024  INFO 8784 --- [RMI TCP Connection(2)-127.0.0.1] com.zaxxer.hikari.HikariDataSource       : HikariPool-1 - Shutdown initiated...
2021-04-18 22:21:19.028  INFO 8784 --- [RMI TCP Connection(2)-127.0.0.1] com.zaxxer.hikari.HikariDataSource       : HikariPool-1 - Shutdown completed.
