2021-03-30 15:46:34.156  INFO 10472 --- [restartedMain] c.m.b.BankmanagementApplication          : Starting BankmanagementApplication using Java 11.0.7 on ctsjcloud159 with PID 10472 (D:\Aritra\bankmanagement_java\bankmanagement\target\classes started by javacloudmc631 in D:\Aritra\bankmanagement_java\bankmanagement)
2021-03-30 15:46:34.161  INFO 10472 --- [restartedMain] c.m.b.BankmanagementApplication          : No active profile set, falling back to default profiles: default
2021-03-30 15:46:34.209  INFO 10472 --- [restartedMain] .e.DevToolsPropertyDefaultsPostProcessor : Devtools property defaults active! Set 'spring.devtools.add-properties' to 'false' to disable
2021-03-30 15:46:34.209  INFO 10472 --- [restartedMain] .e.DevToolsPropertyDefaultsPostProcessor : For additional web related logging consider setting the 'logging.level.web' property to 'DEBUG'
2021-03-30 15:46:35.222  INFO 10472 --- [restartedMain] .s.d.r.c.RepositoryConfigurationDelegate : Bootstrapping Spring Data JPA repositories in DEFAULT mode.
2021-03-30 15:46:35.283  INFO 10472 --- [restartedMain] .s.d.r.c.RepositoryConfigurationDelegate : Finished Spring Data repository scanning in 53 ms. Found 2 JPA repository interfaces.
2021-03-30 15:46:35.621  INFO 10472 --- [restartedMain] trationDelegate$BeanPostProcessorChecker : Bean 'org.springframework.security.access.expression.method.DefaultMethodSecurityExpressionHandler@3c0db365' of type [org.springframework.security.access.expression.method.DefaultMethodSecurityExpressionHandler] is not eligible for getting processed by all BeanPostProcessors (for example: not eligible for auto-proxying)
2021-03-30 15:46:35.627  INFO 10472 --- [restartedMain] trationDelegate$BeanPostProcessorChecker : Bean 'methodSecurityMetadataSource' of type [org.springframework.security.access.method.DelegatingMethodSecurityMetadataSource] is not eligible for getting processed by all BeanPostProcessors (for example: not eligible for auto-proxying)
2021-03-30 15:46:36.831  INFO 10472 --- [restartedMain] o.s.b.w.embedded.tomcat.TomcatWebServer  : Tomcat initialized with port(s): 8090 (http)
2021-03-30 15:46:36.840  INFO 10472 --- [restartedMain] o.apache.catalina.core.StandardService   : Starting service [Tomcat]
2021-03-30 15:46:36.840  INFO 10472 --- [restartedMain] org.apache.catalina.core.StandardEngine  : Starting Servlet engine: [Apache Tomcat/9.0.43]
2021-03-30 15:46:36.936  INFO 10472 --- [restartedMain] o.a.c.c.C.[Tomcat].[localhost].[/]       : Initializing Spring embedded WebApplicationContext
2021-03-30 15:46:36.936  INFO 10472 --- [restartedMain] w.s.c.ServletWebServerApplicationContext : Root WebApplicationContext: initialization completed in 2723 ms
2021-03-30 15:46:36.986  INFO 10472 --- [restartedMain] com.zaxxer.hikari.HikariDataSource       : HikariPool-1 - Starting...
2021-03-30 15:46:37.103  INFO 10472 --- [restartedMain] com.zaxxer.hikari.HikariDataSource       : HikariPool-1 - Start completed.
2021-03-30 15:46:37.111  INFO 10472 --- [restartedMain] o.s.b.a.h2.H2ConsoleAutoConfiguration    : H2 console available at '/h2-console'. Database available at 'jdbc:h2:mem:testdb'
2021-03-30 15:46:37.295  INFO 10472 --- [restartedMain] o.hibernate.jpa.internal.util.LogHelper  : HHH000204: Processing PersistenceUnitInfo [name: default]
2021-03-30 15:46:37.333  INFO 10472 --- [restartedMain] org.hibernate.Version                    : HHH000412: Hibernate ORM core version 5.4.28.Final
2021-03-30 15:46:37.441  INFO 10472 --- [restartedMain] o.hibernate.annotations.common.Version   : HCANN000001: Hibernate Commons Annotations {5.1.2.Final}
2021-03-30 15:46:37.534  INFO 10472 --- [restartedMain] org.hibernate.dialect.Dialect            : HHH000400: Using dialect: org.hibernate.dialect.H2Dialect
2021-03-30 15:46:38.058  INFO 10472 --- [restartedMain] o.h.e.t.j.p.i.JtaPlatformInitiator       : HHH000490: Using JtaPlatform implementation: [org.hibernate.engine.transaction.jta.platform.internal.NoJtaPlatform]
2021-03-30 15:46:38.068  INFO 10472 --- [restartedMain] j.LocalContainerEntityManagerFactoryBean : Initialized JPA EntityManagerFactory for persistence unit 'default'
2021-03-30 15:46:38.119  INFO 10472 --- [restartedMain] o.s.b.d.a.OptionalLiveReloadServer       : LiveReload server is running on port 35729
2021-03-30 15:46:38.193  WARN 10472 --- [restartedMain] JpaBaseConfiguration$JpaWebConfiguration : spring.jpa.open-in-view is enabled by default. Therefore, database queries may be performed during view rendering. Explicitly configure spring.jpa.open-in-view to disable this warning
2021-03-30 15:46:38.949  INFO 10472 --- [restartedMain] pertySourcedRequestMappingHandlerMapping : Mapped URL path [/v2/api-docs] onto method [springfox.documentation.swagger2.web.Swagger2Controller#getDocumentation(String, HttpServletRequest)]
2021-03-30 15:46:39.098  INFO 10472 --- [restartedMain] o.s.s.web.DefaultSecurityFilterChain     : Will secure any request with [org.springframework.security.web.context.request.async.WebAsyncManagerIntegrationFilter@51343623, org.springframework.security.web.context.SecurityContextPersistenceFilter@1cb73c81, org.springframework.security.web.header.HeaderWriterFilter@19811611, org.springframework.web.filter.CorsFilter@3c0f86e9, org.springframework.security.web.authentication.logout.LogoutFilter@455b87a7, com.microcredential.bankmanagement.config.JwtRequestFilter@7822ecf5, org.springframework.security.web.savedrequest.RequestCacheAwareFilter@7ab06a2f, org.springframework.security.web.servletapi.SecurityContextHolderAwareRequestFilter@58068872, org.springframework.security.web.authentication.AnonymousAuthenticationFilter@7f44a856, org.springframework.security.web.session.SessionManagementFilter@3606cb2a, org.springframework.security.web.access.ExceptionTranslationFilter@4e7b149c, org.springframework.security.web.access.intercept.FilterSecurityInterceptor@3bf0173e]
2021-03-30 15:46:39.176  INFO 10472 --- [restartedMain] o.s.s.concurrent.ThreadPoolTaskExecutor  : Initializing ExecutorService 'applicationTaskExecutor'
2021-03-30 15:46:39.385  INFO 10472 --- [restartedMain] o.s.b.w.embedded.tomcat.TomcatWebServer  : Tomcat started on port(s): 8090 (http) with context path ''
2021-03-30 15:46:39.388  INFO 10472 --- [restartedMain] d.s.w.p.DocumentationPluginsBootstrapper : Context refreshed
2021-03-30 15:46:39.408  INFO 10472 --- [restartedMain] d.s.w.p.DocumentationPluginsBootstrapper : Found 1 custom documentation plugin(s)
2021-03-30 15:46:39.462  INFO 10472 --- [restartedMain] s.d.s.w.s.ApiListingReferenceScanner     : Scanning for api listing references
2021-03-30 15:46:39.678  INFO 10472 --- [restartedMain] .d.s.w.r.o.CachingOperationNameGenerator : Generating unique operation named: getUserbyIdUsingGET_1
2021-03-30 15:46:39.687  INFO 10472 --- [restartedMain] .d.s.w.r.o.CachingOperationNameGenerator : Generating unique operation named: saveUserUsingPOST_1
2021-03-30 15:46:39.715  INFO 10472 --- [restartedMain] c.m.b.BankmanagementApplication          : Started BankmanagementApplication in 6.004 seconds (JVM running for 6.912)
2021-03-30 15:48:12.595  INFO 10472 --- [http-nio-8090-exec-4] o.a.c.c.C.[Tomcat].[localhost].[/]       : Initializing Spring DispatcherServlet 'dispatcherServlet'
2021-03-30 15:48:12.596  INFO 10472 --- [http-nio-8090-exec-4] o.s.web.servlet.DispatcherServlet        : Initializing Servlet 'dispatcherServlet'
2021-03-30 15:48:12.597  INFO 10472 --- [http-nio-8090-exec-4] o.s.web.servlet.DispatcherServlet        : Completed initialization in 1 ms
2021-03-30 15:48:12.618  WARN 10472 --- [http-nio-8090-exec-4] c.m.b.config.JwtRequestFilter            : JWT Token does not begin with Bearer String
2021-03-30 15:48:45.333  INFO 10472 --- [Thread-5] o.s.s.concurrent.ThreadPoolTaskExecutor  : Shutting down ExecutorService 'applicationTaskExecutor'
2021-03-30 15:48:45.336  INFO 10472 --- [Thread-5] j.LocalContainerEntityManagerFactoryBean : Closing JPA EntityManagerFactory for persistence unit 'default'
2021-03-30 15:48:45.336  INFO 10472 --- [Thread-5] .SchemaDropperImpl$DelayedDropActionImpl : HHH000477: Starting delayed evictData of schema as part of SessionFactory shut-down'
2021-03-30 15:48:45.556  WARN 10472 --- [Thread-5] o.s.b.f.support.DisposableBeanAdapter    : Invocation of destroy method failed on bean with name 'inMemoryDatabaseShutdownExecutor': org.h2.jdbc.JdbcSQLNonTransientConnectionException: Database is already closed (to disable automatic closing at VM shutdown, add ";DB_CLOSE_ON_EXIT=FALSE" to the db URL) [90121-200]
2021-03-30 15:48:45.559  INFO 10472 --- [Thread-5] com.zaxxer.hikari.HikariDataSource       : HikariPool-1 - Shutdown initiated...
2021-03-30 15:48:45.571  INFO 10472 --- [Thread-5] com.zaxxer.hikari.HikariDataSource       : HikariPool-1 - Shutdown completed.
